Saved config to /home/mzy/PycharmProjects/pythonProject/64865ae5/.trial_0/config.yaml
Model resnet50d created, param count:                                         23535460
AMP not enabled. Training in float32.
Disable EMA as it is not supported for now.
Start training from [Epoch 0]
Epoch[0] Batch [49]	Speed: 3.784421 samples/sec	accuracy=0.347500	lr=0.000100
Epoch[0] Batch [99]	Speed: 3.844192 samples/sec	accuracy=0.461250	lr=0.000100
Epoch[0] Batch [149]	Speed: 3.763432 samples/sec	accuracy=0.505000	lr=0.000100
Epoch[0] Batch [199]	Speed: 3.840818 samples/sec	accuracy=0.518125	lr=0.000100
Epoch[0] Batch [249]	Speed: 3.812330 samples/sec	accuracy=0.527000	lr=0.000100
Epoch[0] Batch [299]	Speed: 3.812199 samples/sec	accuracy=0.542083	lr=0.000100
Epoch[0] Batch [349]	Speed: 3.824231 samples/sec	accuracy=0.542857	lr=0.000100
Epoch[0] Batch [399]	Speed: 3.838723 samples/sec	accuracy=0.557813	lr=0.000100
Epoch[0] Batch [449]	Speed: 3.837249 samples/sec	accuracy=0.569167	lr=0.000100
Epoch[0] Batch [499]	Speed: 3.885318 samples/sec	accuracy=0.579500	lr=0.000100
Epoch[0] Batch [549]	Speed: 3.872348 samples/sec	accuracy=0.586818	lr=0.000100
Epoch[0] Batch [599]	Speed: 3.700231 samples/sec	accuracy=0.596458	lr=0.000100
Epoch[0] Batch [649]	Speed: 3.741350 samples/sec	accuracy=0.603462	lr=0.000100
Epoch[0] Batch [699]	Speed: 3.657211 samples/sec	accuracy=0.608571	lr=0.000100
Epoch[0] Batch [749]	Speed: 3.657595 samples/sec	accuracy=0.616000	lr=0.000100
Epoch[0] Batch [799]	Speed: 3.754350 samples/sec	accuracy=0.620625	lr=0.000100
Epoch[0] Batch [849]	Speed: 3.605848 samples/sec	accuracy=0.625882	lr=0.000100
Epoch[0] Batch [899]	Speed: 3.817939 samples/sec	accuracy=0.630278	lr=0.000100
Epoch[0] Batch [949]	Speed: 3.811711 samples/sec	accuracy=0.633421	lr=0.000100
Epoch[0] Batch [999]	Speed: 3.842112 samples/sec	accuracy=0.635875	lr=0.000100
Epoch[0] Batch [1049]	Speed: 3.841962 samples/sec	accuracy=0.638810	lr=0.000100
Epoch[0] Batch [1099]	Speed: 3.879176 samples/sec	accuracy=0.641136	lr=0.000100
Epoch[0] Batch [1149]	Speed: 3.838463 samples/sec	accuracy=0.645435	lr=0.000100
Epoch[0] Batch [1199]	Speed: 3.864199 samples/sec	accuracy=0.649271	lr=0.000100
Epoch[0] Batch [1249]	Speed: 3.857492 samples/sec	accuracy=0.652500	lr=0.000100
Epoch[0] Batch [1299]	Speed: 3.861654 samples/sec	accuracy=0.654038	lr=0.000100
Epoch[0] Batch [1349]	Speed: 3.848437 samples/sec	accuracy=0.656852	lr=0.000100
Epoch[0] Batch [1399]	Speed: 3.836642 samples/sec	accuracy=0.657232	lr=0.000100
Epoch[0] Batch [1449]	Speed: 3.835540 samples/sec	accuracy=0.660948	lr=0.000100
Epoch[0] Batch [1499]	Speed: 3.837760 samples/sec	accuracy=0.662750	lr=0.000100
Epoch[0] Batch [1549]	Speed: 3.834756 samples/sec	accuracy=0.666210	lr=0.000100
Epoch[0] Batch [1599]	Speed: 3.841070 samples/sec	accuracy=0.669141	lr=0.000100
Epoch[0] Batch [1649]	Speed: 3.790942 samples/sec	accuracy=0.670000	lr=0.000100
Epoch[0] Batch [1699]	Speed: 3.788460 samples/sec	accuracy=0.671838	lr=0.000100
Epoch[0] Batch [1749]	Speed: 3.785974 samples/sec	accuracy=0.673143	lr=0.000100
Epoch[0] Batch [1799]	Speed: 3.791561 samples/sec	accuracy=0.675764	lr=0.000100
Epoch[0] Batch [1849]	Speed: 3.812630 samples/sec	accuracy=0.677095	lr=0.000100
Epoch[0] Batch [1899]	Speed: 3.792042 samples/sec	accuracy=0.678750	lr=0.000100
Epoch[0] Batch [1949]	Speed: 3.809517 samples/sec	accuracy=0.680385	lr=0.000100
Epoch[0] Batch [1999]	Speed: 3.783095 samples/sec	accuracy=0.681562	lr=0.000100
Epoch[0] Batch [2049]	Speed: 3.791068 samples/sec	accuracy=0.682561	lr=0.000100
Epoch[0] Batch [2099]	Speed: 3.716664 samples/sec	accuracy=0.683690	lr=0.000100
Epoch[0] Batch [2149]	Speed: 3.822929 samples/sec	accuracy=0.684070	lr=0.000100
Epoch[0] Batch [2199]	Speed: 3.802732 samples/sec	accuracy=0.684830	lr=0.000100
Epoch[0] Batch [2249]	Speed: 3.808672 samples/sec	accuracy=0.686611	lr=0.000100
Epoch[0] Batch [2299]	Speed: 3.823428 samples/sec	accuracy=0.688370	lr=0.000100
Epoch[0] Batch [2349]	Speed: 3.810925 samples/sec	accuracy=0.689415	lr=0.000100
Epoch[0] Batch [2399]	Speed: 3.810715 samples/sec	accuracy=0.690677	lr=0.000100
Epoch[0] Batch [2449]	Speed: 3.790439 samples/sec	accuracy=0.692041	lr=0.000100
Epoch[0] Batch [2499]	Speed: 3.822969 samples/sec	accuracy=0.692950	lr=0.000100
Epoch[0] Batch [2549]	Speed: 3.835993 samples/sec	accuracy=0.693775	lr=0.000100
Epoch[0] Batch [2599]	Speed: 3.787699 samples/sec	accuracy=0.695000	lr=0.000100
Epoch[0] Batch [2649]	Speed: 3.789781 samples/sec	accuracy=0.696321	lr=0.000100
Epoch[0] Batch [2699]	Speed: 3.832112 samples/sec	accuracy=0.698102	lr=0.000100
Epoch[0] Batch [2749]	Speed: 3.818782 samples/sec	accuracy=0.699136	lr=0.000100
Epoch[0] Batch [2799]	Speed: 3.610217 samples/sec	accuracy=0.699911	lr=0.000100
Epoch[0] Batch [2849]	Speed: 3.485526 samples/sec	accuracy=0.700965	lr=0.000100
Epoch[0] Batch [2899]	Speed: 3.827662 samples/sec	accuracy=0.700991	lr=0.000100
Epoch[0] Batch [2949]	Speed: 3.790748 samples/sec	accuracy=0.702119	lr=0.000100
Epoch[0] Batch [2999]	Speed: 3.853056 samples/sec	accuracy=0.702250	lr=0.000100
Epoch[0] Batch [3049]	Speed: 3.853700 samples/sec	accuracy=0.702746	lr=0.000100
Epoch[0] Batch [3099]	Speed: 3.851860 samples/sec	accuracy=0.703226	lr=0.000100
Epoch[0] Batch [3149]	Speed: 3.860375 samples/sec	accuracy=0.703611	lr=0.000100
Epoch[0] Batch [3199]	Speed: 3.851270 samples/sec	accuracy=0.703828	lr=0.000100
Epoch[0] Batch [3249]	Speed: 3.823025 samples/sec	accuracy=0.704154	lr=0.000100
Epoch[0] Batch [3299]	Speed: 3.837013 samples/sec	accuracy=0.704659	lr=0.000100
[Epoch 0] training: accuracy=0.704913
[Epoch 0] speed: 3 samples/sec	time cost: 7024.586424
[Epoch 0] validation: top1=0.823787 top5=1.000000
[Epoch 0] Current best top-1: 0.823787 vs previous -inf, saved to /home/mzy/PycharmProjects/pythonProject/64865ae5/.trial_0/best_checkpoint.pkl
Epoch[1] Batch [49]	Speed: 3.722703 samples/sec	accuracy=0.717500	lr=0.000085
Epoch[1] Batch [99]	Speed: 3.853716 samples/sec	accuracy=0.731250	lr=0.000085
Epoch[1] Batch [149]	Speed: 3.848228 samples/sec	accuracy=0.732500	lr=0.000085
Epoch[1] Batch [199]	Speed: 3.833491 samples/sec	accuracy=0.743125	lr=0.000085
Epoch[1] Batch [249]	Speed: 3.825685 samples/sec	accuracy=0.744000	lr=0.000085
Epoch[1] Batch [299]	Speed: 3.825174 samples/sec	accuracy=0.744167	lr=0.000085
Epoch[1] Batch [349]	Speed: 3.810919 samples/sec	accuracy=0.745714	lr=0.000085
Epoch[1] Batch [399]	Speed: 3.821905 samples/sec	accuracy=0.749375	lr=0.000085
Epoch[1] Batch [449]	Speed: 3.797832 samples/sec	accuracy=0.748333	lr=0.000085
Epoch[1] Batch [499]	Speed: 3.817004 samples/sec	accuracy=0.749250	lr=0.000085
Epoch[1] Batch [549]	Speed: 3.815967 samples/sec	accuracy=0.751818	lr=0.000085
Epoch[1] Batch [599]	Speed: 3.787770 samples/sec	accuracy=0.752083	lr=0.000085
Epoch[1] Batch [649]	Speed: 3.824870 samples/sec	accuracy=0.753077	lr=0.000085
Epoch[1] Batch [699]	Speed: 3.809589 samples/sec	accuracy=0.753393	lr=0.000085
Epoch[1] Batch [749]	Speed: 3.817441 samples/sec	accuracy=0.757167	lr=0.000085
Epoch[1] Batch [799]	Speed: 3.855164 samples/sec	accuracy=0.757812	lr=0.000085
Epoch[1] Batch [849]	Speed: 3.824546 samples/sec	accuracy=0.759412	lr=0.000085
Epoch[1] Batch [899]	Speed: 3.847256 samples/sec	accuracy=0.759583	lr=0.000085
Epoch[1] Batch [949]	Speed: 3.802322 samples/sec	accuracy=0.761053	lr=0.000085
Epoch[1] Batch [999]	Speed: 3.813678 samples/sec	accuracy=0.761250	lr=0.000085
Epoch[1] Batch [1049]	Speed: 3.826923 samples/sec	accuracy=0.760476	lr=0.000085
Epoch[1] Batch [1099]	Speed: 3.829568 samples/sec	accuracy=0.760909	lr=0.000085
Epoch[1] Batch [1149]	Speed: 3.852959 samples/sec	accuracy=0.762065	lr=0.000085
Epoch[1] Batch [1199]	Speed: 3.860205 samples/sec	accuracy=0.763229	lr=0.000085
Epoch[1] Batch [1249]	Speed: 3.857287 samples/sec	accuracy=0.763000	lr=0.000085
Epoch[1] Batch [1299]	Speed: 3.874259 samples/sec	accuracy=0.763365	lr=0.000085
Epoch[1] Batch [1349]	Speed: 3.870306 samples/sec	accuracy=0.763981	lr=0.000085
Epoch[1] Batch [1399]	Speed: 3.856099 samples/sec	accuracy=0.764375	lr=0.000085
Epoch[1] Batch [1449]	Speed: 3.849015 samples/sec	accuracy=0.764828	lr=0.000085
Epoch[1] Batch [1499]	Speed: 3.815496 samples/sec	accuracy=0.765000	lr=0.000085
Epoch[1] Batch [1549]	Speed: 3.831474 samples/sec	accuracy=0.766048	lr=0.000085
Epoch[1] Batch [1599]	Speed: 3.838976 samples/sec	accuracy=0.767031	lr=0.000085
Epoch[1] Batch [1649]	Speed: 3.859695 samples/sec	accuracy=0.766288	lr=0.000085
Epoch[1] Batch [1699]	Speed: 3.866726 samples/sec	accuracy=0.765662	lr=0.000085
Epoch[1] Batch [1749]	Speed: 3.856977 samples/sec	accuracy=0.764857	lr=0.000085
Epoch[1] Batch [1799]	Speed: 3.844710 samples/sec	accuracy=0.765278	lr=0.000085
Epoch[1] Batch [1849]	Speed: 3.853900 samples/sec	accuracy=0.765878	lr=0.000085
Epoch[1] Batch [1899]	Speed: 3.840358 samples/sec	accuracy=0.766908	lr=0.000085
Epoch[1] Batch [1949]	Speed: 3.845116 samples/sec	accuracy=0.766603	lr=0.000085
Epoch[1] Batch [1999]	Speed: 3.826116 samples/sec	accuracy=0.767125	lr=0.000085
Epoch[1] Batch [2049]	Speed: 3.860413 samples/sec	accuracy=0.767744	lr=0.000085
Epoch[1] Batch [2099]	Speed: 3.857490 samples/sec	accuracy=0.767500	lr=0.000085
Epoch[1] Batch [2149]	Speed: 3.846906 samples/sec	accuracy=0.767616	lr=0.000085
Epoch[1] Batch [2199]	Speed: 3.861617 samples/sec	accuracy=0.767898	lr=0.000085
Epoch[1] Batch [2249]	Speed: 3.817764 samples/sec	accuracy=0.767944	lr=0.000085
Epoch[1] Batch [2299]	Speed: 3.839172 samples/sec	accuracy=0.768587	lr=0.000085
Epoch[1] Batch [2349]	Speed: 3.849782 samples/sec	accuracy=0.768298	lr=0.000085
Epoch[1] Batch [2399]	Speed: 3.831503 samples/sec	accuracy=0.767448	lr=0.000085
Epoch[1] Batch [2449]	Speed: 3.832383 samples/sec	accuracy=0.767194	lr=0.000085
Epoch[1] Batch [2499]	Speed: 3.851498 samples/sec	accuracy=0.767000	lr=0.000085
Epoch[1] Batch [2549]	Speed: 3.822063 samples/sec	accuracy=0.766814	lr=0.000085
Epoch[1] Batch [2599]	Speed: 3.836691 samples/sec	accuracy=0.767115	lr=0.000085
Epoch[1] Batch [2649]	Speed: 3.842911 samples/sec	accuracy=0.767311	lr=0.000085
Epoch[1] Batch [2699]	Speed: 3.812490 samples/sec	accuracy=0.766852	lr=0.000085
Epoch[1] Batch [2749]	Speed: 3.801874 samples/sec	accuracy=0.767545	lr=0.000085
Epoch[1] Batch [2799]	Speed: 3.848494 samples/sec	accuracy=0.767679	lr=0.000085
Epoch[1] Batch [2849]	Speed: 3.850595 samples/sec	accuracy=0.767807	lr=0.000085
Epoch[1] Batch [2899]	Speed: 3.858968 samples/sec	accuracy=0.768190	lr=0.000085
Epoch[1] Batch [2949]	Speed: 3.855516 samples/sec	accuracy=0.768305	lr=0.000085
Epoch[1] Batch [2999]	Speed: 3.849742 samples/sec	accuracy=0.768500	lr=0.000085
Epoch[1] Batch [3049]	Speed: 3.857587 samples/sec	accuracy=0.768279	lr=0.000085
Epoch[1] Batch [3099]	Speed: 3.862820 samples/sec	accuracy=0.768750	lr=0.000085
Epoch[1] Batch [3149]	Speed: 3.846668 samples/sec	accuracy=0.768651	lr=0.000085
Epoch[1] Batch [3199]	Speed: 3.849980 samples/sec	accuracy=0.768633	lr=0.000085
Epoch[1] Batch [3249]	Speed: 3.824811 samples/sec	accuracy=0.769577	lr=0.000085
Epoch[1] Batch [3299]	Speed: 3.816387 samples/sec	accuracy=0.770189	lr=0.000085
[Epoch 1] training: accuracy=0.770109
[Epoch 1] speed: 3 samples/sec	time cost: 6961.467402
[Epoch 1] validation: top1=0.859501 top5=1.000000
[Epoch 1] Current best top-1: 0.859501 vs previous 0.823787, saved to /home/mzy/PycharmProjects/pythonProject/64865ae5/.trial_0/best_checkpoint.pkl
Epoch[2] Batch [49]	Speed: 3.853010 samples/sec	accuracy=0.805000	lr=0.000070
Epoch[2] Batch [99]	Speed: 3.864544 samples/sec	accuracy=0.797500	lr=0.000070
Epoch[2] Batch [149]	Speed: 3.868811 samples/sec	accuracy=0.785000	lr=0.000070
Epoch[2] Batch [199]	Speed: 3.851922 samples/sec	accuracy=0.786875	lr=0.000070
Epoch[2] Batch [249]	Speed: 3.856207 samples/sec	accuracy=0.788500	lr=0.000070
Epoch[2] Batch [299]	Speed: 3.846954 samples/sec	accuracy=0.787917	lr=0.000070
Epoch[2] Batch [349]	Speed: 3.868564 samples/sec	accuracy=0.785714	lr=0.000070
Epoch[2] Batch [399]	Speed: 3.871126 samples/sec	accuracy=0.789687	lr=0.000070
Epoch[2] Batch [449]	Speed: 3.850581 samples/sec	accuracy=0.789722	lr=0.000070
Epoch[2] Batch [499]	Speed: 3.846057 samples/sec	accuracy=0.789500	lr=0.000070
Epoch[2] Batch [549]	Speed: 3.870550 samples/sec	accuracy=0.790682	lr=0.000070
Epoch[2] Batch [599]	Speed: 3.848142 samples/sec	accuracy=0.787708	lr=0.000070
Epoch[2] Batch [649]	Speed: 3.839392 samples/sec	accuracy=0.786923	lr=0.000070
Epoch[2] Batch [699]	Speed: 3.839052 samples/sec	accuracy=0.786429	lr=0.000070
Epoch[2] Batch [749]	Speed: 3.822723 samples/sec	accuracy=0.788000	lr=0.000070
Epoch[2] Batch [799]	Speed: 3.851740 samples/sec	accuracy=0.789687	lr=0.000070
Epoch[2] Batch [849]	Speed: 3.851102 samples/sec	accuracy=0.790147	lr=0.000070
Epoch[2] Batch [899]	Speed: 3.822466 samples/sec	accuracy=0.790694	lr=0.000070
Epoch[2] Batch [949]	Speed: 3.840893 samples/sec	accuracy=0.789868	lr=0.000070
Epoch[2] Batch [999]	Speed: 3.840884 samples/sec	accuracy=0.789750	lr=0.000070
Epoch[2] Batch [1049]	Speed: 3.844836 samples/sec	accuracy=0.789524	lr=0.000070
Epoch[2] Batch [1099]	Speed: 3.866998 samples/sec	accuracy=0.790568	lr=0.000070
Epoch[2] Batch [1149]	Speed: 3.862545 samples/sec	accuracy=0.788804	lr=0.000070
Epoch[2] Batch [1199]	Speed: 3.858701 samples/sec	accuracy=0.787500	lr=0.000070
Epoch[2] Batch [1249]	Speed: 3.844348 samples/sec	accuracy=0.787700	lr=0.000070
Epoch[2] Batch [1299]	Speed: 3.846563 samples/sec	accuracy=0.788750	lr=0.000070
Epoch[2] Batch [1349]	Speed: 3.862558 samples/sec	accuracy=0.790185	lr=0.000070
Epoch[2] Batch [1399]	Speed: 3.861214 samples/sec	accuracy=0.789643	lr=0.000070
Epoch[2] Batch [1449]	Speed: 3.850003 samples/sec	accuracy=0.789569	lr=0.000070
Epoch[2] Batch [1499]	Speed: 3.841780 samples/sec	accuracy=0.789500	lr=0.000070
Epoch[2] Batch [1549]	Speed: 3.855659 samples/sec	accuracy=0.787903	lr=0.000070
Epoch[2] Batch [1599]	Speed: 3.820078 samples/sec	accuracy=0.787578	lr=0.000070
Epoch[2] Batch [1649]	Speed: 3.864268 samples/sec	accuracy=0.788106	lr=0.000070
Epoch[2] Batch [1699]	Speed: 3.855217 samples/sec	accuracy=0.788162	lr=0.000070
Epoch[2] Batch [1749]	Speed: 3.852487 samples/sec	accuracy=0.788143	lr=0.000070
Epoch[2] Batch [1799]	Speed: 3.841359 samples/sec	accuracy=0.787778	lr=0.000070
Epoch[2] Batch [1849]	Speed: 3.848105 samples/sec	accuracy=0.788446	lr=0.000070
Epoch[2] Batch [1899]	Speed: 3.834353 samples/sec	accuracy=0.787961	lr=0.000070
Epoch[2] Batch [1949]	Speed: 3.819213 samples/sec	accuracy=0.788654	lr=0.000070
Epoch[2] Batch [1999]	Speed: 3.826365 samples/sec	accuracy=0.789062	lr=0.000070
Epoch[2] Batch [2049]	Speed: 3.833204 samples/sec	accuracy=0.788659	lr=0.000070
Epoch[2] Batch [2099]	Speed: 3.836674 samples/sec	accuracy=0.789405	lr=0.000070
Epoch[2] Batch [2149]	Speed: 3.837553 samples/sec	accuracy=0.789826	lr=0.000070
Epoch[2] Batch [2199]	Speed: 3.836433 samples/sec	accuracy=0.790341	lr=0.000070
Epoch[2] Batch [2249]	Speed: 3.853913 samples/sec	accuracy=0.790778	lr=0.000070
Epoch[2] Batch [2299]	Speed: 3.789444 samples/sec	accuracy=0.791141	lr=0.000070
Epoch[2] Batch [2349]	Speed: 3.839127 samples/sec	accuracy=0.790904	lr=0.000070
Epoch[2] Batch [2399]	Speed: 3.844753 samples/sec	accuracy=0.790781	lr=0.000070
Epoch[2] Batch [2449]	Speed: 3.856743 samples/sec	accuracy=0.790102	lr=0.000070
Epoch[2] Batch [2499]	Speed: 3.858337 samples/sec	accuracy=0.789650	lr=0.000070
Epoch[2] Batch [2549]	Speed: 3.842578 samples/sec	accuracy=0.789657	lr=0.000070
Epoch[2] Batch [2599]	Speed: 3.839961 samples/sec	accuracy=0.790577	lr=0.000070
Epoch[2] Batch [2649]	Speed: 3.853992 samples/sec	accuracy=0.790802	lr=0.000070
Epoch[2] Batch [2699]	Speed: 3.845061 samples/sec	accuracy=0.790833	lr=0.000070
Epoch[2] Batch [2749]	Speed: 3.792195 samples/sec	accuracy=0.790773	lr=0.000070
Epoch[2] Batch [2799]	Speed: 3.833209 samples/sec	accuracy=0.791339	lr=0.000070
Epoch[2] Batch [2849]	Speed: 3.846617 samples/sec	accuracy=0.791623	lr=0.000070
Epoch[2] Batch [2899]	Speed: 3.839513 samples/sec	accuracy=0.790819	lr=0.000070
Epoch[2] Batch [2949]	Speed: 3.850094 samples/sec	accuracy=0.791441	lr=0.000070
Epoch[2] Batch [2999]	Speed: 3.848770 samples/sec	accuracy=0.792083	lr=0.000070
Epoch[2] Batch [3049]	Speed: 3.831746 samples/sec	accuracy=0.792213	lr=0.000070
Epoch[2] Batch [3099]	Speed: 3.876401 samples/sec	accuracy=0.792298	lr=0.000070
Epoch[2] Batch [3149]	Speed: 3.849964 samples/sec	accuracy=0.793056	lr=0.000070
Epoch[2] Batch [3199]	Speed: 3.833119 samples/sec	accuracy=0.792813	lr=0.000070
Epoch[2] Batch [3249]	Speed: 3.865540 samples/sec	accuracy=0.792923	lr=0.000070
Epoch[2] Batch [3299]	Speed: 3.817030 samples/sec	accuracy=0.793258	lr=0.000070
[Epoch 2] training: accuracy=0.793252
[Epoch 2] speed: 3 samples/sec	time cost: 6943.295663
[Epoch 2] validation: top1=0.872642 top5=1.000000
[Epoch 2] Current best top-1: 0.872642 vs previous 0.859501, saved to /home/mzy/PycharmProjects/pythonProject/64865ae5/.trial_0/best_checkpoint.pkl
Epoch[3] Batch [49]	Speed: 3.838127 samples/sec	accuracy=0.812500	lr=0.000055
Epoch[3] Batch [99]	Speed: 3.828562 samples/sec	accuracy=0.808750	lr=0.000055
Epoch[3] Batch [149]	Speed: 3.848957 samples/sec	accuracy=0.803333	lr=0.000055
Epoch[3] Batch [199]	Speed: 3.843778 samples/sec	accuracy=0.800625	lr=0.000055
Epoch[3] Batch [249]	Speed: 3.866688 samples/sec	accuracy=0.800500	lr=0.000055
Epoch[3] Batch [299]	Speed: 3.856745 samples/sec	accuracy=0.800000	lr=0.000055
Epoch[3] Batch [349]	Speed: 3.864163 samples/sec	accuracy=0.794286	lr=0.000055
Epoch[3] Batch [399]	Speed: 3.858795 samples/sec	accuracy=0.794375	lr=0.000055
Epoch[3] Batch [449]	Speed: 3.697727 samples/sec	accuracy=0.794722	lr=0.000055
Epoch[3] Batch [499]	Speed: 3.642638 samples/sec	accuracy=0.795250	lr=0.000055
Epoch[3] Batch [549]	Speed: 3.645290 samples/sec	accuracy=0.793409	lr=0.000055
Epoch[3] Batch [599]	Speed: 3.499221 samples/sec	accuracy=0.795000	lr=0.000055
Epoch[3] Batch [649]	Speed: 3.582197 samples/sec	accuracy=0.795577	lr=0.000055
Epoch[3] Batch [699]	Speed: 3.619205 samples/sec	accuracy=0.795714	lr=0.000055
Epoch[3] Batch [749]	Speed: 3.588567 samples/sec	accuracy=0.797000	lr=0.000055
Epoch[3] Batch [799]	Speed: 3.690657 samples/sec	accuracy=0.795937	lr=0.000055
Epoch[3] Batch [849]	Speed: 3.080578 samples/sec	accuracy=0.797206	lr=0.000055
Epoch[3] Batch [899]	Speed: 3.631836 samples/sec	accuracy=0.798333	lr=0.000055
Epoch[3] Batch [949]	Speed: 3.640532 samples/sec	accuracy=0.798684	lr=0.000055
Epoch[3] Batch [999]	Speed: 3.609884 samples/sec	accuracy=0.800000	lr=0.000055
Epoch[3] Batch [1049]	Speed: 3.631312 samples/sec	accuracy=0.802024	lr=0.000055
Epoch[3] Batch [1099]	Speed: 3.686808 samples/sec	accuracy=0.803523	lr=0.000055
Epoch[3] Batch [1149]	Speed: 3.650967 samples/sec	accuracy=0.803043	lr=0.000055
Epoch[3] Batch [1199]	Speed: 3.738240 samples/sec	accuracy=0.802396	lr=0.000055
Epoch[3] Batch [1249]	Speed: 3.848152 samples/sec	accuracy=0.800900	lr=0.000055
Epoch[3] Batch [1299]	Speed: 3.854964 samples/sec	accuracy=0.801442	lr=0.000055
Epoch[3] Batch [1349]	Speed: 3.838101 samples/sec	accuracy=0.802500	lr=0.000055
Epoch[3] Batch [1399]	Speed: 3.841376 samples/sec	accuracy=0.803750	lr=0.000055
Epoch[3] Batch [1449]	Speed: 3.839630 samples/sec	accuracy=0.804741	lr=0.000055
Epoch[3] Batch [1499]	Speed: 3.856582 samples/sec	accuracy=0.804083	lr=0.000055
Epoch[3] Batch [1549]	Speed: 3.829623 samples/sec	accuracy=0.803306	lr=0.000055
Epoch[3] Batch [1599]	Speed: 3.851072 samples/sec	accuracy=0.802109	lr=0.000055
Epoch[3] Batch [1649]	Speed: 3.861703 samples/sec	accuracy=0.801591	lr=0.000055
Epoch[3] Batch [1699]	Speed: 3.864950 samples/sec	accuracy=0.801912	lr=0.000055
Epoch[3] Batch [1749]	Speed: 3.857438 samples/sec	accuracy=0.801857	lr=0.000055
Epoch[3] Batch [1799]	Speed: 3.833633 samples/sec	accuracy=0.802361	lr=0.000055
Epoch[3] Batch [1849]	Speed: 3.855892 samples/sec	accuracy=0.802297	lr=0.000055
Epoch[3] Batch [1899]	Speed: 3.831193 samples/sec	accuracy=0.801316	lr=0.000055
Epoch[3] Batch [1949]	Speed: 3.842109 samples/sec	accuracy=0.801026	lr=0.000055
Epoch[3] Batch [1999]	Speed: 3.852253 samples/sec	accuracy=0.801188	lr=0.000055
Epoch[3] Batch [2049]	Speed: 3.857125 samples/sec	accuracy=0.800732	lr=0.000055
Epoch[3] Batch [2099]	Speed: 3.847225 samples/sec	accuracy=0.800893	lr=0.000055
Epoch[3] Batch [2149]	Speed: 3.845629 samples/sec	accuracy=0.799884	lr=0.000055
Epoch[3] Batch [2199]	Speed: 3.841650 samples/sec	accuracy=0.800568	lr=0.000055
Epoch[3] Batch [2249]	Speed: 3.843609 samples/sec	accuracy=0.799833	lr=0.000055
Epoch[3] Batch [2299]	Speed: 3.855266 samples/sec	accuracy=0.800000	lr=0.000055
Epoch[3] Batch [2349]	Speed: 3.857790 samples/sec	accuracy=0.800053	lr=0.000055
Epoch[3] Batch [2399]	Speed: 3.854458 samples/sec	accuracy=0.800208	lr=0.000055
Epoch[3] Batch [2449]	Speed: 3.860389 samples/sec	accuracy=0.800306	lr=0.000055
Epoch[3] Batch [2499]	Speed: 3.856483 samples/sec	accuracy=0.800100	lr=0.000055
Epoch[3] Batch [2549]	Speed: 3.863037 samples/sec	accuracy=0.800049	lr=0.000055
Epoch[3] Batch [2599]	Speed: 3.842361 samples/sec	accuracy=0.800481	lr=0.000055
Epoch[3] Batch [2649]	Speed: 3.872299 samples/sec	accuracy=0.800472	lr=0.000055
Epoch[3] Batch [2699]	Speed: 3.862324 samples/sec	accuracy=0.800833	lr=0.000055
Epoch[3] Batch [2749]	Speed: 3.851112 samples/sec	accuracy=0.800773	lr=0.000055
Epoch[3] Batch [2799]	Speed: 3.871756 samples/sec	accuracy=0.800179	lr=0.000055
Epoch[3] Batch [2849]	Speed: 3.832086 samples/sec	accuracy=0.800439	lr=0.000055
Epoch[3] Batch [2899]	Speed: 3.849027 samples/sec	accuracy=0.800216	lr=0.000055
Epoch[3] Batch [2949]	Speed: 3.834934 samples/sec	accuracy=0.800466	lr=0.000055
Epoch[3] Batch [2999]	Speed: 3.838168 samples/sec	accuracy=0.801292	lr=0.000055
Epoch[3] Batch [3049]	Speed: 3.846505 samples/sec	accuracy=0.801352	lr=0.000055
Epoch[3] Batch [3099]	Speed: 3.849369 samples/sec	accuracy=0.801129	lr=0.000055
Epoch[3] Batch [3149]	Speed: 3.325326 samples/sec	accuracy=0.801190	lr=0.000055
Epoch[3] Batch [3199]	Speed: 3.640368 samples/sec	accuracy=0.801133	lr=0.000055
Epoch[3] Batch [3249]	Speed: 3.792055 samples/sec	accuracy=0.800885	lr=0.000055
Epoch[3] Batch [3299]	Speed: 3.825886 samples/sec	accuracy=0.801364	lr=0.000055
[Epoch 3] training: accuracy=0.801640
[Epoch 3] speed: 3 samples/sec	time cost: 7078.208330
[Epoch 3] validation: top1=0.878369 top5=1.000000
[Epoch 3] Current best top-1: 0.878369 vs previous 0.872642, saved to /home/mzy/PycharmProjects/pythonProject/64865ae5/.trial_0/best_checkpoint.pkl
Epoch[4] Batch [49]	Speed: 3.845526 samples/sec	accuracy=0.807500	lr=0.000055
Epoch[4] Batch [99]	Speed: 3.840163 samples/sec	accuracy=0.810000	lr=0.000055
Epoch[4] Batch [149]	Speed: 3.812304 samples/sec	accuracy=0.813333	lr=0.000055
Epoch[4] Batch [199]	Speed: 3.854981 samples/sec	accuracy=0.805000	lr=0.000055
Epoch[4] Batch [249]	Speed: 3.816667 samples/sec	accuracy=0.813500	lr=0.000055
Epoch[4] Batch [299]	Speed: 3.835981 samples/sec	accuracy=0.812500	lr=0.000055
Epoch[4] Batch [349]	Speed: 3.860571 samples/sec	accuracy=0.811429	lr=0.000055
Epoch[4] Batch [399]	Speed: 3.854674 samples/sec	accuracy=0.813125	lr=0.000055
Epoch[4] Batch [449]	Speed: 3.867408 samples/sec	accuracy=0.813056	lr=0.000055
Epoch[4] Batch [499]	Speed: 3.851206 samples/sec	accuracy=0.811250	lr=0.000055
Epoch[4] Batch [549]	Speed: 3.847235 samples/sec	accuracy=0.807500	lr=0.000055
Epoch[4] Batch [599]	Speed: 3.850937 samples/sec	accuracy=0.807917	lr=0.000055
Epoch[4] Batch [649]	Speed: 3.864415 samples/sec	accuracy=0.806538	lr=0.000055
Epoch[4] Batch [699]	Speed: 3.848489 samples/sec	accuracy=0.804464	lr=0.000055
Epoch[4] Batch [749]	Speed: 3.853425 samples/sec	accuracy=0.806167	lr=0.000055
Epoch[4] Batch [799]	Speed: 3.849647 samples/sec	accuracy=0.807813	lr=0.000055
Epoch[4] Batch [849]	Speed: 3.858737 samples/sec	accuracy=0.807500	lr=0.000055
Epoch[4] Batch [899]	Speed: 3.860259 samples/sec	accuracy=0.807361	lr=0.000055
Epoch[4] Batch [949]	Speed: 3.847536 samples/sec	accuracy=0.807500	lr=0.000055
Epoch[4] Batch [999]	Speed: 3.841488 samples/sec	accuracy=0.808875	lr=0.000055
Epoch[4] Batch [1049]	Speed: 3.867841 samples/sec	accuracy=0.810119	lr=0.000055
Epoch[4] Batch [1099]	Speed: 3.856408 samples/sec	accuracy=0.809205	lr=0.000055
Epoch[4] Batch [1149]	Speed: 3.852271 samples/sec	accuracy=0.808804	lr=0.000055
Epoch[4] Batch [1199]	Speed: 3.860627 samples/sec	accuracy=0.808542	lr=0.000055
Epoch[4] Batch [1249]	Speed: 3.854999 samples/sec	accuracy=0.808400	lr=0.000055
Epoch[4] Batch [1299]	Speed: 3.859217 samples/sec	accuracy=0.809231	lr=0.000055
Epoch[4] Batch [1349]	Speed: 3.857417 samples/sec	accuracy=0.809074	lr=0.000055
Epoch[4] Batch [1399]	Speed: 3.865986 samples/sec	accuracy=0.809375	lr=0.000055
Epoch[4] Batch [1449]	Speed: 3.871624 samples/sec	accuracy=0.809741	lr=0.000055
Epoch[4] Batch [1499]	Speed: 3.852099 samples/sec	accuracy=0.809167	lr=0.000055
Epoch[4] Batch [1549]	Speed: 3.831055 samples/sec	accuracy=0.808387	lr=0.000055
Epoch[4] Batch [1599]	Speed: 3.864193 samples/sec	accuracy=0.810000	lr=0.000055
Epoch[4] Batch [1649]	Speed: 3.870516 samples/sec	accuracy=0.809015	lr=0.000055
Epoch[4] Batch [1699]	Speed: 3.532032 samples/sec	accuracy=0.809044	lr=0.000055
Epoch[4] Batch [1749]	Speed: 3.607443 samples/sec	accuracy=0.808714	lr=0.000055
Epoch[4] Batch [1799]	Speed: 3.766403 samples/sec	accuracy=0.808750	lr=0.000055
Epoch[4] Batch [1849]	Speed: 3.757075 samples/sec	accuracy=0.808581	lr=0.000055
Epoch[4] Batch [1899]	Speed: 3.774897 samples/sec	accuracy=0.809079	lr=0.000055
Epoch[4] Batch [1949]	Speed: 3.821801 samples/sec	accuracy=0.808974	lr=0.000055
Epoch[4] Batch [1999]	Speed: 3.810123 samples/sec	accuracy=0.808625	lr=0.000055
Epoch[4] Batch [2049]	Speed: 3.815311 samples/sec	accuracy=0.809512	lr=0.000055
Epoch[4] Batch [2099]	Speed: 3.827180 samples/sec	accuracy=0.809702	lr=0.000055
Epoch[4] Batch [2149]	Speed: 3.847255 samples/sec	accuracy=0.810116	lr=0.000055
Epoch[4] Batch [2199]	Speed: 3.810843 samples/sec	accuracy=0.810455	lr=0.000055
Epoch[4] Batch [2249]	Speed: 3.822728 samples/sec	accuracy=0.810833	lr=0.000055
Epoch[4] Batch [2299]	Speed: 3.835913 samples/sec	accuracy=0.810326	lr=0.000055
Epoch[4] Batch [2349]	Speed: 3.840202 samples/sec	accuracy=0.810213	lr=0.000055
Epoch[4] Batch [2399]	Speed: 3.819546 samples/sec	accuracy=0.809688	lr=0.000055
Epoch[4] Batch [2449]	Speed: 3.839287 samples/sec	accuracy=0.810051	lr=0.000055
Epoch[4] Batch [2499]	Speed: 3.848641 samples/sec	accuracy=0.810350	lr=0.000055
Epoch[4] Batch [2549]	Speed: 3.803097 samples/sec	accuracy=0.810833	lr=0.000055
Epoch[4] Batch [2599]	Speed: 3.813842 samples/sec	accuracy=0.810673	lr=0.000055
Epoch[4] Batch [2649]	Speed: 3.765795 samples/sec	accuracy=0.810472	lr=0.000055
Epoch[4] Batch [2699]	Speed: 3.544154 samples/sec	accuracy=0.810648	lr=0.000055
Epoch[4] Batch [2749]	Speed: 3.628488 samples/sec	accuracy=0.809955	lr=0.000055
Epoch[4] Batch [2799]	Speed: 3.576197 samples/sec	accuracy=0.809866	lr=0.000055
Epoch[4] Batch [2849]	Speed: 3.605499 samples/sec	accuracy=0.810175	lr=0.000055
Epoch[4] Batch [2899]	Speed: 3.603557 samples/sec	accuracy=0.809569	lr=0.000055
Epoch[4] Batch [2949]	Speed: 3.584667 samples/sec	accuracy=0.810000	lr=0.000055
Epoch[4] Batch [2999]	Speed: 3.572115 samples/sec	accuracy=0.809583	lr=0.000055
Epoch[4] Batch [3049]	Speed: 3.624102 samples/sec	accuracy=0.809303	lr=0.000055
Epoch[4] Batch [3099]	Speed: 3.662610 samples/sec	accuracy=0.808871	lr=0.000055
Epoch[4] Batch [3149]	Speed: 3.696056 samples/sec	accuracy=0.809286	lr=0.000055
Epoch[4] Batch [3199]	Speed: 3.785253 samples/sec	accuracy=0.809375	lr=0.000055
Epoch[4] Batch [3249]	Speed: 3.800564 samples/sec	accuracy=0.809269	lr=0.000055
Epoch[4] Batch [3299]	Speed: 3.843219 samples/sec	accuracy=0.809659	lr=0.000055
[Epoch 4] training: accuracy=0.809504
[Epoch 4] speed: 3 samples/sec	time cost: 7041.958960
[Epoch 4] validation: top1=0.882412 top5=1.000000
[Epoch 4] Current best top-1: 0.882412 vs previous 0.878369, saved to /home/mzy/PycharmProjects/pythonProject/64865ae5/.trial_0/best_checkpoint.pkl
Epoch[5] Batch [49]	Speed: 3.821256 samples/sec	accuracy=0.802500	lr=0.000055
Epoch[5] Batch [99]	Speed: 3.823965 samples/sec	accuracy=0.825000	lr=0.000055
Epoch[5] Batch [149]	Speed: 3.845695 samples/sec	accuracy=0.828333	lr=0.000055
Epoch[5] Batch [199]	Speed: 3.819022 samples/sec	accuracy=0.825000	lr=0.000055
Epoch[5] Batch [249]	Speed: 3.844759 samples/sec	accuracy=0.827500	lr=0.000055
Epoch[5] Batch [299]	Speed: 3.828437 samples/sec	accuracy=0.821250	lr=0.000055
Epoch[5] Batch [349]	Speed: 3.838908 samples/sec	accuracy=0.818571	lr=0.000055
Epoch[5] Batch [399]	Speed: 3.831695 samples/sec	accuracy=0.817813	lr=0.000055
Epoch[5] Batch [449]	Speed: 3.845167 samples/sec	accuracy=0.816667	lr=0.000055
Epoch[5] Batch [499]	Speed: 3.838978 samples/sec	accuracy=0.814750	lr=0.000055
Epoch[5] Batch [549]	Speed: 3.851558 samples/sec	accuracy=0.812955	lr=0.000055
Epoch[5] Batch [599]	Speed: 3.835623 samples/sec	accuracy=0.811250	lr=0.000055
Epoch[5] Batch [649]	Speed: 3.836169 samples/sec	accuracy=0.812500	lr=0.000055
Epoch[5] Batch [699]	Speed: 3.853586 samples/sec	accuracy=0.811250	lr=0.000055
Epoch[5] Batch [749]	Speed: 3.808286 samples/sec	accuracy=0.812333	lr=0.000055
Epoch[5] Batch [799]	Speed: 3.841609 samples/sec	accuracy=0.813594	lr=0.000055
Epoch[5] Batch [849]	Speed: 3.832161 samples/sec	accuracy=0.813235	lr=0.000055
Epoch[5] Batch [899]	Speed: 3.834711 samples/sec	accuracy=0.814722	lr=0.000055
Epoch[5] Batch [949]	Speed: 3.823126 samples/sec	accuracy=0.814474	lr=0.000055
Epoch[5] Batch [999]	Speed: 3.832480 samples/sec	accuracy=0.814375	lr=0.000055
Epoch[5] Batch [1049]	Speed: 3.833253 samples/sec	accuracy=0.814286	lr=0.000055
Epoch[5] Batch [1099]	Speed: 3.828469 samples/sec	accuracy=0.815795	lr=0.000055
Epoch[5] Batch [1149]	Speed: 3.814102 samples/sec	accuracy=0.816848	lr=0.000055
Epoch[5] Batch [1199]	Speed: 3.809660 samples/sec	accuracy=0.816771	lr=0.000055
Epoch[5] Batch [1249]	Speed: 3.825388 samples/sec	accuracy=0.816600	lr=0.000055
Epoch[5] Batch [1299]	Speed: 3.832643 samples/sec	accuracy=0.815000	lr=0.000055
Epoch[5] Batch [1349]	Speed: 3.833094 samples/sec	accuracy=0.815556	lr=0.000055
Epoch[5] Batch [1399]	Speed: 3.827600 samples/sec	accuracy=0.815714	lr=0.000055
Epoch[5] Batch [1449]	Speed: 3.819435 samples/sec	accuracy=0.815000	lr=0.000055
Epoch[5] Batch [1499]	Speed: 3.777982 samples/sec	accuracy=0.813250	lr=0.000055
Epoch[5] Batch [1549]	Speed: 3.819705 samples/sec	accuracy=0.812823	lr=0.000055
Epoch[5] Batch [1599]	Speed: 3.821431 samples/sec	accuracy=0.813281	lr=0.000055
Epoch[5] Batch [1649]	Speed: 3.768982 samples/sec	accuracy=0.812879	lr=0.000055
Epoch[5] Batch [1699]	Speed: 3.831585 samples/sec	accuracy=0.813088	lr=0.000055
Epoch[5] Batch [1749]	Speed: 3.807847 samples/sec	accuracy=0.812714	lr=0.000055
Epoch[5] Batch [1799]	Speed: 3.815291 samples/sec	accuracy=0.812708	lr=0.000055
Epoch[5] Batch [1849]	Speed: 3.812945 samples/sec	accuracy=0.813108	lr=0.000055
Epoch[5] Batch [1899]	Speed: 3.806222 samples/sec	accuracy=0.813158	lr=0.000055
Epoch[5] Batch [1949]	Speed: 3.808010 samples/sec	accuracy=0.813654	lr=0.000055
Epoch[5] Batch [1999]	Speed: 3.836935 samples/sec	accuracy=0.813312	lr=0.000055
Epoch[5] Batch [2049]	Speed: 3.794009 samples/sec	accuracy=0.812683	lr=0.000055
Epoch[5] Batch [2099]	Speed: 3.822706 samples/sec	accuracy=0.813095	lr=0.000055
Epoch[5] Batch [2149]	Speed: 3.790658 samples/sec	accuracy=0.812907	lr=0.000055
Epoch[5] Batch [2199]	Speed: 3.833948 samples/sec	accuracy=0.813011	lr=0.000055
Epoch[5] Batch [2249]	Speed: 3.819338 samples/sec	accuracy=0.812778	lr=0.000055
Epoch[5] Batch [2299]	Speed: 3.822950 samples/sec	accuracy=0.812609	lr=0.000055
Epoch[5] Batch [2349]	Speed: 3.830554 samples/sec	accuracy=0.812447	lr=0.000055
Epoch[5] Batch [2399]	Speed: 3.793847 samples/sec	accuracy=0.812240	lr=0.000055
Epoch[5] Batch [2449]	Speed: 3.811468 samples/sec	accuracy=0.812908	lr=0.000055
Epoch[5] Batch [2499]	Speed: 3.821636 samples/sec	accuracy=0.813350	lr=0.000055
Epoch[5] Batch [2549]	Speed: 3.800508 samples/sec	accuracy=0.813529	lr=0.000055
Epoch[5] Batch [2599]	Speed: 3.785329 samples/sec	accuracy=0.813846	lr=0.000055
Epoch[5] Batch [2649]	Speed: 3.783672 samples/sec	accuracy=0.813868	lr=0.000055
Epoch[5] Batch [2699]	Speed: 3.790091 samples/sec	accuracy=0.814213	lr=0.000055
Epoch[5] Batch [2749]	Speed: 3.789606 samples/sec	accuracy=0.814227	lr=0.000055
Epoch[5] Batch [2799]	Speed: 3.759441 samples/sec	accuracy=0.814018	lr=0.000055
Epoch[5] Batch [2849]	Speed: 3.792016 samples/sec	accuracy=0.814342	lr=0.000055
Epoch[5] Batch [2899]	Speed: 3.785303 samples/sec	accuracy=0.814655	lr=0.000055
Epoch[5] Batch [2949]	Speed: 3.795155 samples/sec	accuracy=0.814407	lr=0.000055
Epoch[5] Batch [2999]	Speed: 3.765858 samples/sec	accuracy=0.814500	lr=0.000055
Epoch[5] Batch [3049]	Speed: 3.806777 samples/sec	accuracy=0.814590	lr=0.000055
Epoch[5] Batch [3099]	Speed: 3.782903 samples/sec	accuracy=0.814758	lr=0.000055
Epoch[5] Batch [3149]	Speed: 3.779585 samples/sec	accuracy=0.814325	lr=0.000055
Epoch[5] Batch [3199]	Speed: 3.750914 samples/sec	accuracy=0.814297	lr=0.000055
Epoch[5] Batch [3249]	Speed: 3.800286 samples/sec	accuracy=0.814423	lr=0.000055
Epoch[5] Batch [3299]	Speed: 3.772239 samples/sec	accuracy=0.814659	lr=0.000055
[Epoch 5] training: accuracy=0.814597
[Epoch 5] speed: 3 samples/sec	time cost: 7003.542552
[Epoch 5] validation: top1=0.888814 top5=1.000000
[Epoch 5] Current best top-1: 0.888814 vs previous 0.882412, saved to /home/mzy/PycharmProjects/pythonProject/64865ae5/.trial_0/best_checkpoint.pkl
Epoch[6] Batch [49]	Speed: 3.795528 samples/sec	accuracy=0.817500	lr=0.000055
Epoch[6] Batch [99]	Speed: 3.794661 samples/sec	accuracy=0.830000	lr=0.000055
Epoch[6] Batch [149]	Speed: 3.802249 samples/sec	accuracy=0.818333	lr=0.000055
Epoch[6] Batch [199]	Speed: 3.799336 samples/sec	accuracy=0.811250	lr=0.000055
Epoch[6] Batch [249]	Speed: 3.799131 samples/sec	accuracy=0.808500	lr=0.000055
Epoch[6] Batch [299]	Speed: 3.778840 samples/sec	accuracy=0.813333	lr=0.000055
Epoch[6] Batch [349]	Speed: 3.792082 samples/sec	accuracy=0.813214	lr=0.000055
Epoch[6] Batch [399]	Speed: 3.795928 samples/sec	accuracy=0.818125	lr=0.000055
Epoch[6] Batch [449]	Speed: 3.810289 samples/sec	accuracy=0.820000	lr=0.000055
Epoch[6] Batch [499]	Speed: 3.822537 samples/sec	accuracy=0.818750	lr=0.000055
Epoch[6] Batch [549]	Speed: 3.813215 samples/sec	accuracy=0.817273	lr=0.000055
Epoch[6] Batch [599]	Speed: 3.797828 samples/sec	accuracy=0.818750	lr=0.000055
Epoch[6] Batch [649]	Speed: 3.789606 samples/sec	accuracy=0.820385	lr=0.000055
Epoch[6] Batch [699]	Speed: 3.791321 samples/sec	accuracy=0.819107	lr=0.000055
Epoch[6] Batch [749]	Speed: 3.798974 samples/sec	accuracy=0.820500	lr=0.000055
Epoch[6] Batch [799]	Speed: 3.792854 samples/sec	accuracy=0.822656	lr=0.000055
Epoch[6] Batch [849]	Speed: 3.815051 samples/sec	accuracy=0.822059	lr=0.000055
Epoch[6] Batch [899]	Speed: 3.806809 samples/sec	accuracy=0.822222	lr=0.000055
Epoch[6] Batch [949]	Speed: 3.812375 samples/sec	accuracy=0.821974	lr=0.000055
Epoch[6] Batch [999]	Speed: 3.807017 samples/sec	accuracy=0.820750	lr=0.000055
Epoch[6] Batch [1049]	Speed: 3.818320 samples/sec	accuracy=0.821905	lr=0.000055
Epoch[6] Batch [1099]	Speed: 3.805625 samples/sec	accuracy=0.822386	lr=0.000055
Epoch[6] Batch [1149]	Speed: 3.796572 samples/sec	accuracy=0.821848	lr=0.000055
Epoch[6] Batch [1199]	Speed: 3.805753 samples/sec	accuracy=0.821562	lr=0.000055
Epoch[6] Batch [1249]	Speed: 3.811391 samples/sec	accuracy=0.821300	lr=0.000055
Epoch[6] Batch [1299]	Speed: 3.815851 samples/sec	accuracy=0.820865	lr=0.000055
Epoch[6] Batch [1349]	Speed: 3.802416 samples/sec	accuracy=0.820741	lr=0.000055
Epoch[6] Batch [1399]	Speed: 3.787384 samples/sec	accuracy=0.820268	lr=0.000055
Epoch[6] Batch [1449]	Speed: 3.772212 samples/sec	accuracy=0.821293	lr=0.000055
Epoch[6] Batch [1499]	Speed: 3.812929 samples/sec	accuracy=0.821083	lr=0.000055
Epoch[6] Batch [1549]	Speed: 3.791696 samples/sec	accuracy=0.820161	lr=0.000055
Epoch[6] Batch [1599]	Speed: 3.788069 samples/sec	accuracy=0.819766	lr=0.000055
Epoch[6] Batch [1649]	Speed: 3.805964 samples/sec	accuracy=0.819167	lr=0.000055
Epoch[6] Batch [1699]	Speed: 3.771259 samples/sec	accuracy=0.820000	lr=0.000055
Epoch[6] Batch [1749]	Speed: 3.707081 samples/sec	accuracy=0.819143	lr=0.000055
Epoch[6] Batch [1799]	Speed: 3.805626 samples/sec	accuracy=0.818889	lr=0.000055
Epoch[6] Batch [1849]	Speed: 3.798918 samples/sec	accuracy=0.819122	lr=0.000055
Epoch[6] Batch [1899]	Speed: 3.812385 samples/sec	accuracy=0.819605	lr=0.000055
Epoch[6] Batch [1949]	Speed: 3.823162 samples/sec	accuracy=0.819808	lr=0.000055
Epoch[6] Batch [1999]	Speed: 3.818584 samples/sec	accuracy=0.819875	lr=0.000055
Epoch[6] Batch [2049]	Speed: 3.809148 samples/sec	accuracy=0.820366	lr=0.000055
Epoch[6] Batch [2099]	Speed: 3.788501 samples/sec	accuracy=0.820655	lr=0.000055
Epoch[6] Batch [2149]	Speed: 3.811693 samples/sec	accuracy=0.820872	lr=0.000055
Epoch[6] Batch [2199]	Speed: 3.801181 samples/sec	accuracy=0.821420	lr=0.000055
Epoch[6] Batch [2249]	Speed: 3.791140 samples/sec	accuracy=0.821111	lr=0.000055
Epoch[6] Batch [2299]	Speed: 3.809489 samples/sec	accuracy=0.820707	lr=0.000055
Epoch[6] Batch [2349]	Speed: 3.816556 samples/sec	accuracy=0.820266	lr=0.000055
Epoch[6] Batch [2399]	Speed: 3.824980 samples/sec	accuracy=0.820781	lr=0.000055
Epoch[6] Batch [2449]	Speed: 3.815435 samples/sec	accuracy=0.820408	lr=0.000055
Epoch[6] Batch [2499]	Speed: 3.832297 samples/sec	accuracy=0.820850	lr=0.000055
Epoch[6] Batch [2549]	Speed: 3.820439 samples/sec	accuracy=0.820294	lr=0.000055
Epoch[6] Batch [2599]	Speed: 3.821076 samples/sec	accuracy=0.820433	lr=0.000055
Epoch[6] Batch [2649]	Speed: 3.824339 samples/sec	accuracy=0.820943	lr=0.000055
Epoch[6] Batch [2699]	Speed: 3.805189 samples/sec	accuracy=0.820880	lr=0.000055
Epoch[6] Batch [2749]	Speed: 3.781595 samples/sec	accuracy=0.820591	lr=0.000055
Epoch[6] Batch [2799]	Speed: 3.790474 samples/sec	accuracy=0.820714	lr=0.000055
Epoch[6] Batch [2849]	Speed: 3.795179 samples/sec	accuracy=0.820921	lr=0.000055
Epoch[6] Batch [2899]	Speed: 3.809738 samples/sec	accuracy=0.820172	lr=0.000055
Epoch[6] Batch [2949]	Speed: 3.801294 samples/sec	accuracy=0.820297	lr=0.000055
Epoch[6] Batch [2999]	Speed: 3.795774 samples/sec	accuracy=0.820542	lr=0.000055
Epoch[6] Batch [3049]	Speed: 3.814494 samples/sec	accuracy=0.820492	lr=0.000055
Epoch[6] Batch [3099]	Speed: 3.801024 samples/sec	accuracy=0.820605	lr=0.000055
Epoch[6] Batch [3149]	Speed: 3.803380 samples/sec	accuracy=0.820079	lr=0.000055
Epoch[6] Batch [3199]	Speed: 3.799715 samples/sec	accuracy=0.819570	lr=0.000055
Epoch[6] Batch [3249]	Speed: 3.829380 samples/sec	accuracy=0.819385	lr=0.000055
Epoch[6] Batch [3299]	Speed: 3.829064 samples/sec	accuracy=0.818977	lr=0.000055
[Epoch 6] training: accuracy=0.819128
[Epoch 6] speed: 3 samples/sec	time cost: 7020.923209
[Epoch 6] validation: top1=0.888814 top5=1.000000
Epoch[7] Batch [49]	Speed: 3.815677 samples/sec	accuracy=0.817500	lr=0.000055
Epoch[7] Batch [99]	Speed: 3.826312 samples/sec	accuracy=0.821250	lr=0.000055
Epoch[7] Batch [149]	Speed: 3.832642 samples/sec	accuracy=0.825000	lr=0.000055
Epoch[7] Batch [199]	Speed: 3.826657 samples/sec	accuracy=0.826875	lr=0.000055
Epoch[7] Batch [249]	Speed: 3.819046 samples/sec	accuracy=0.822500	lr=0.000055
Epoch[7] Batch [299]	Speed: 3.815960 samples/sec	accuracy=0.822500	lr=0.000055
Epoch[7] Batch [349]	Speed: 3.803822 samples/sec	accuracy=0.819286	lr=0.000055
Epoch[7] Batch [399]	Speed: 3.806442 samples/sec	accuracy=0.820312	lr=0.000055
Epoch[7] Batch [449]	Speed: 3.839246 samples/sec	accuracy=0.819444	lr=0.000055
Epoch[7] Batch [499]	Speed: 3.813020 samples/sec	accuracy=0.818250	lr=0.000055
Epoch[7] Batch [549]	Speed: 3.812483 samples/sec	accuracy=0.821364	lr=0.000055
Epoch[7] Batch [599]	Speed: 3.846477 samples/sec	accuracy=0.821042	lr=0.000055
Epoch[7] Batch [649]	Speed: 3.853553 samples/sec	accuracy=0.821731	lr=0.000055
Epoch[7] Batch [699]	Speed: 3.847993 samples/sec	accuracy=0.820893	lr=0.000055
Epoch[7] Batch [749]	Speed: 3.864069 samples/sec	accuracy=0.819000	lr=0.000055
Epoch[7] Batch [799]	Speed: 3.855330 samples/sec	accuracy=0.818125	lr=0.000055
Epoch[7] Batch [849]	Speed: 3.859923 samples/sec	accuracy=0.818971	lr=0.000055
Epoch[7] Batch [899]	Speed: 3.857291 samples/sec	accuracy=0.818056	lr=0.000055
Epoch[7] Batch [949]	Speed: 3.844818 samples/sec	accuracy=0.817368	lr=0.000055
Epoch[7] Batch [999]	Speed: 3.834719 samples/sec	accuracy=0.817125	lr=0.000055
Epoch[7] Batch [1049]	Speed: 3.841334 samples/sec	accuracy=0.817262	lr=0.000055
Epoch[7] Batch [1099]	Speed: 3.853572 samples/sec	accuracy=0.818523	lr=0.000055
Epoch[7] Batch [1149]	Speed: 3.842777 samples/sec	accuracy=0.818804	lr=0.000055
Epoch[7] Batch [1199]	Speed: 3.862672 samples/sec	accuracy=0.819063	lr=0.000055
Epoch[7] Batch [1249]	Speed: 3.859203 samples/sec	accuracy=0.817000	lr=0.000055
Epoch[7] Batch [1299]	Speed: 3.839694 samples/sec	accuracy=0.818942	lr=0.000055
Epoch[7] Batch [1349]	Speed: 3.850974 samples/sec	accuracy=0.817130	lr=0.000055
Epoch[7] Batch [1399]	Speed: 3.840272 samples/sec	accuracy=0.818036	lr=0.000055
Epoch[7] Batch [1449]	Speed: 3.819476 samples/sec	accuracy=0.817328	lr=0.000055
Epoch[7] Batch [1499]	Speed: 3.832316 samples/sec	accuracy=0.817917	lr=0.000055
Epoch[7] Batch [1549]	Speed: 3.857496 samples/sec	accuracy=0.817984	lr=0.000055
Epoch[7] Batch [1599]	Speed: 3.851991 samples/sec	accuracy=0.818203	lr=0.000055
Epoch[7] Batch [1649]	Speed: 3.819412 samples/sec	accuracy=0.818106	lr=0.000055
Epoch[7] Batch [1699]	Speed: 3.843160 samples/sec	accuracy=0.817868	lr=0.000055
Epoch[7] Batch [1749]	Speed: 3.842638 samples/sec	accuracy=0.817786	lr=0.000055
Epoch[7] Batch [1799]	Speed: 3.848229 samples/sec	accuracy=0.817014	lr=0.000055
Epoch[7] Batch [1849]	Speed: 3.838834 samples/sec	accuracy=0.816284	lr=0.000055
Epoch[7] Batch [1899]	Speed: 3.836472 samples/sec	accuracy=0.817566	lr=0.000055
Epoch[7] Batch [1949]	Speed: 3.827985 samples/sec	accuracy=0.818205	lr=0.000055
Epoch[7] Batch [1999]	Speed: 3.843739 samples/sec	accuracy=0.818312	lr=0.000055
Epoch[7] Batch [2049]	Speed: 3.843009 samples/sec	accuracy=0.818598	lr=0.000055
Epoch[7] Batch [2099]	Speed: 3.852110 samples/sec	accuracy=0.818393	lr=0.000055
Epoch[7] Batch [2149]	Speed: 3.840363 samples/sec	accuracy=0.818314	lr=0.000055
Epoch[7] Batch [2199]	Speed: 3.839456 samples/sec	accuracy=0.819261	lr=0.000055
Epoch[7] Batch [2249]	Speed: 3.839759 samples/sec	accuracy=0.818389	lr=0.000055
Epoch[7] Batch [2299]	Speed: 3.811182 samples/sec	accuracy=0.818859	lr=0.000055
Epoch[7] Batch [2349]	Speed: 3.833386 samples/sec	accuracy=0.818936	lr=0.000055
Epoch[7] Batch [2399]	Speed: 3.855550 samples/sec	accuracy=0.819479	lr=0.000055
Epoch[7] Batch [2449]	Speed: 3.811258 samples/sec	accuracy=0.820000	lr=0.000055
Epoch[7] Batch [2499]	Speed: 3.844426 samples/sec	accuracy=0.820350	lr=0.000055
Epoch[7] Batch [2549]	Speed: 3.824490 samples/sec	accuracy=0.820735	lr=0.000055
Epoch[7] Batch [2599]	Speed: 3.850983 samples/sec	accuracy=0.820625	lr=0.000055
Epoch[7] Batch [2649]	Speed: 3.841797 samples/sec	accuracy=0.820519	lr=0.000055
Epoch[7] Batch [2699]	Speed: 3.825546 samples/sec	accuracy=0.820741	lr=0.000055
Epoch[7] Batch [2749]	Speed: 3.819928 samples/sec	accuracy=0.820182	lr=0.000055
Epoch[7] Batch [2799]	Speed: 3.839519 samples/sec	accuracy=0.820357	lr=0.000055
Epoch[7] Batch [2849]	Speed: 3.811047 samples/sec	accuracy=0.820044	lr=0.000055
Epoch[7] Batch [2899]	Speed: 3.846166 samples/sec	accuracy=0.819741	lr=0.000055
Epoch[7] Batch [2949]	Speed: 3.830302 samples/sec	accuracy=0.819619	lr=0.000055
Epoch[7] Batch [2999]	Speed: 3.822721 samples/sec	accuracy=0.819208	lr=0.000055
Epoch[7] Batch [3049]	Speed: 3.850931 samples/sec	accuracy=0.818975	lr=0.000055
Epoch[7] Batch [3099]	Speed: 3.815060 samples/sec	accuracy=0.818992	lr=0.000055
Epoch[7] Batch [3149]	Speed: 3.789958 samples/sec	accuracy=0.819286	lr=0.000055
Epoch[7] Batch [3199]	Speed: 3.823726 samples/sec	accuracy=0.819766	lr=0.000055
Epoch[7] Batch [3249]	Speed: 3.813604 samples/sec	accuracy=0.819769	lr=0.000055
Epoch[7] Batch [3299]	Speed: 3.775831 samples/sec	accuracy=0.819886	lr=0.000055
[Epoch 7] training: accuracy=0.819915
[Epoch 7] speed: 3 samples/sec	time cost: 6964.247277
[Epoch 7] validation: top1=0.889488 top5=1.000000
[Epoch 7] Current best top-1: 0.889488 vs previous 0.888814, saved to /home/mzy/PycharmProjects/pythonProject/64865ae5/.trial_0/best_checkpoint.pkl
Epoch[8] Batch [49]	Speed: 3.809417 samples/sec	accuracy=0.812500	lr=0.000055
Epoch[8] Batch [99]	Speed: 3.835739 samples/sec	accuracy=0.823750	lr=0.000055
Epoch[8] Batch [149]	Speed: 3.839048 samples/sec	accuracy=0.816667	lr=0.000055
Epoch[8] Batch [199]	Speed: 3.837394 samples/sec	accuracy=0.827500	lr=0.000055
Epoch[8] Batch [249]	Speed: 3.848635 samples/sec	accuracy=0.827500	lr=0.000055
Epoch[8] Batch [299]	Speed: 3.864710 samples/sec	accuracy=0.832083	lr=0.000055
Epoch[8] Batch [349]	Speed: 3.583083 samples/sec	accuracy=0.830357	lr=0.000055
Epoch[8] Batch [399]	Speed: 3.655782 samples/sec	accuracy=0.826250	lr=0.000055
Epoch[8] Batch [449]	Speed: 3.634049 samples/sec	accuracy=0.825556	lr=0.000055
Epoch[8] Batch [499]	Speed: 3.612039 samples/sec	accuracy=0.824750	lr=0.000055
Epoch[8] Batch [549]	Speed: 3.614154 samples/sec	accuracy=0.825000	lr=0.000055
Epoch[8] Batch [599]	Speed: 3.642848 samples/sec	accuracy=0.823125	lr=0.000055
Epoch[8] Batch [649]	Speed: 3.612324 samples/sec	accuracy=0.823846	lr=0.000055
Epoch[8] Batch [699]	Speed: 3.618833 samples/sec	accuracy=0.824286	lr=0.000055
Epoch[8] Batch [749]	Speed: 3.787635 samples/sec	accuracy=0.825167	lr=0.000055
Epoch[8] Batch [799]	Speed: 3.827851 samples/sec	accuracy=0.824219	lr=0.000055
Epoch[8] Batch [849]	Speed: 3.850240 samples/sec	accuracy=0.825882	lr=0.000055
Epoch[8] Batch [899]	Speed: 3.819719 samples/sec	accuracy=0.825556	lr=0.000055
Epoch[8] Batch [949]	Speed: 3.816721 samples/sec	accuracy=0.824737	lr=0.000055
Epoch[8] Batch [999]	Speed: 3.834412 samples/sec	accuracy=0.822750	lr=0.000055
Epoch[8] Batch [1049]	Speed: 3.841467 samples/sec	accuracy=0.822857	lr=0.000055
Epoch[8] Batch [1099]	Speed: 3.815343 samples/sec	accuracy=0.823750	lr=0.000055
Epoch[8] Batch [1149]	Speed: 3.832472 samples/sec	accuracy=0.824674	lr=0.000055
Epoch[8] Batch [1199]	Speed: 3.834560 samples/sec	accuracy=0.824583	lr=0.000055
Epoch[8] Batch [1249]	Speed: 3.821059 samples/sec	accuracy=0.826500	lr=0.000055
Epoch[8] Batch [1299]	Speed: 3.846285 samples/sec	accuracy=0.825962	lr=0.000055
Epoch[8] Batch [1349]	Speed: 3.824280 samples/sec	accuracy=0.825556	lr=0.000055
Epoch[8] Batch [1399]	Speed: 3.818424 samples/sec	accuracy=0.824286	lr=0.000055
Epoch[8] Batch [1449]	Speed: 3.833322 samples/sec	accuracy=0.823966	lr=0.000055
Epoch[8] Batch [1499]	Speed: 3.837234 samples/sec	accuracy=0.824083	lr=0.000055
Epoch[8] Batch [1549]	Speed: 3.825613 samples/sec	accuracy=0.824194	lr=0.000055
Epoch[8] Batch [1599]	Speed: 3.798677 samples/sec	accuracy=0.824297	lr=0.000055
Epoch[8] Batch [1649]	Speed: 3.836515 samples/sec	accuracy=0.824394	lr=0.000055
Epoch[8] Batch [1699]	Speed: 3.841050 samples/sec	accuracy=0.823824	lr=0.000055
Epoch[8] Batch [1749]	Speed: 3.851383 samples/sec	accuracy=0.824214	lr=0.000055
Epoch[8] Batch [1799]	Speed: 3.817760 samples/sec	accuracy=0.823750	lr=0.000055
Epoch[8] Batch [1849]	Speed: 3.843042 samples/sec	accuracy=0.823851	lr=0.000055
Epoch[8] Batch [1899]	Speed: 3.833476 samples/sec	accuracy=0.823355	lr=0.000055
Epoch[8] Batch [1949]	Speed: 3.837552 samples/sec	accuracy=0.822244	lr=0.000055
Epoch[8] Batch [1999]	Speed: 3.818065 samples/sec	accuracy=0.822625	lr=0.000055
Epoch[8] Batch [2049]	Speed: 3.819081 samples/sec	accuracy=0.822439	lr=0.000055
Epoch[8] Batch [2099]	Speed: 3.806237 samples/sec	accuracy=0.822976	lr=0.000055
Epoch[8] Batch [2149]	Speed: 3.821153 samples/sec	accuracy=0.822500	lr=0.000055
Epoch[8] Batch [2199]	Speed: 3.838375 samples/sec	accuracy=0.823352	lr=0.000055
Epoch[8] Batch [2249]	Speed: 3.838757 samples/sec	accuracy=0.823500	lr=0.000055
Epoch[8] Batch [2299]	Speed: 3.844879 samples/sec	accuracy=0.823152	lr=0.000055
Epoch[8] Batch [2349]	Speed: 3.853972 samples/sec	accuracy=0.823351	lr=0.000055
Epoch[8] Batch [2399]	Speed: 3.832077 samples/sec	accuracy=0.823698	lr=0.000055
Epoch[8] Batch [2449]	Speed: 3.834270 samples/sec	accuracy=0.824388	lr=0.000055
Epoch[8] Batch [2499]	Speed: 3.834303 samples/sec	accuracy=0.825150	lr=0.000055
Epoch[8] Batch [2549]	Speed: 3.844445 samples/sec	accuracy=0.825245	lr=0.000055
Epoch[8] Batch [2599]	Speed: 3.833787 samples/sec	accuracy=0.824808	lr=0.000055
Epoch[8] Batch [2649]	Speed: 3.849264 samples/sec	accuracy=0.824906	lr=0.000055
Epoch[8] Batch [2699]	Speed: 3.843803 samples/sec	accuracy=0.825370	lr=0.000055
Epoch[8] Batch [2749]	Speed: 3.812925 samples/sec	accuracy=0.825818	lr=0.000055
Epoch[8] Batch [2799]	Speed: 3.830921 samples/sec	accuracy=0.825446	lr=0.000055
Epoch[8] Batch [2849]	Speed: 3.783434 samples/sec	accuracy=0.825000	lr=0.000055
Epoch[8] Batch [2899]	Speed: 3.810865 samples/sec	accuracy=0.824828	lr=0.000055
Epoch[8] Batch [2949]	Speed: 3.830263 samples/sec	accuracy=0.824407	lr=0.000055
Epoch[8] Batch [2999]	Speed: 3.822095 samples/sec	accuracy=0.824417	lr=0.000055
Epoch[8] Batch [3049]	Speed: 3.838108 samples/sec	accuracy=0.824426	lr=0.000055
Epoch[8] Batch [3099]	Speed: 3.788766 samples/sec	accuracy=0.824677	lr=0.000055
Epoch[8] Batch [3149]	Speed: 3.806156 samples/sec	accuracy=0.824802	lr=0.000055
Epoch[8] Batch [3199]	Speed: 3.863652 samples/sec	accuracy=0.824492	lr=0.000055
Epoch[8] Batch [3249]	Speed: 3.820877 samples/sec	accuracy=0.824462	lr=0.000055
Epoch[8] Batch [3299]	Speed: 3.839707 samples/sec	accuracy=0.824432	lr=0.000055
[Epoch 8] training: accuracy=0.824408
[Epoch 8] speed: 3 samples/sec	time cost: 7020.419942
[Epoch 8] validation: top1=0.891509 top5=1.000000
[Epoch 8] Current best top-1: 0.891509 vs previous 0.889488, saved to /home/mzy/PycharmProjects/pythonProject/64865ae5/.trial_0/best_checkpoint.pkl
Epoch[9] Batch [49]	Speed: 3.838028 samples/sec	accuracy=0.810000	lr=0.000055
Epoch[9] Batch [99]	Speed: 3.862142 samples/sec	accuracy=0.818750	lr=0.000055
Epoch[9] Batch [149]	Speed: 3.825340 samples/sec	accuracy=0.813333	lr=0.000055
Epoch[9] Batch [199]	Speed: 3.809817 samples/sec	accuracy=0.813750	lr=0.000055
Epoch[9] Batch [249]	Speed: 3.811599 samples/sec	accuracy=0.810000	lr=0.000055
Epoch[9] Batch [299]	Speed: 3.851718 samples/sec	accuracy=0.811250	lr=0.000055
Epoch[9] Batch [349]	Speed: 3.848535 samples/sec	accuracy=0.808214	lr=0.000055
Epoch[9] Batch [399]	Speed: 3.854532 samples/sec	accuracy=0.814063	lr=0.000055
Epoch[9] Batch [449]	Speed: 3.838334 samples/sec	accuracy=0.813056	lr=0.000055
Epoch[9] Batch [499]	Speed: 3.841853 samples/sec	accuracy=0.816500	lr=0.000055
Epoch[9] Batch [549]	Speed: 3.842360 samples/sec	accuracy=0.818182	lr=0.000055
Epoch[9] Batch [599]	Speed: 3.859773 samples/sec	accuracy=0.819792	lr=0.000055
Epoch[9] Batch [649]	Speed: 3.856546 samples/sec	accuracy=0.820769	lr=0.000055
Epoch[9] Batch [699]	Speed: 3.761369 samples/sec	accuracy=0.821071	lr=0.000055
Epoch[9] Batch [749]	Speed: 3.849005 samples/sec	accuracy=0.820833	lr=0.000055
Epoch[9] Batch [799]	Speed: 3.850466 samples/sec	accuracy=0.822656	lr=0.000055
Epoch[9] Batch [849]	Speed: 3.837086 samples/sec	accuracy=0.823382	lr=0.000055
Epoch[9] Batch [899]	Speed: 3.875029 samples/sec	accuracy=0.824444	lr=0.000055
Epoch[9] Batch [949]	Speed: 3.872886 samples/sec	accuracy=0.824605	lr=0.000055
Epoch[9] Batch [999]	Speed: 3.854380 samples/sec	accuracy=0.824750	lr=0.000055
Epoch[9] Batch [1049]	Speed: 3.868402 samples/sec	accuracy=0.825119	lr=0.000055
Epoch[9] Batch [1099]	Speed: 3.853228 samples/sec	accuracy=0.826023	lr=0.000055
Epoch[9] Batch [1149]	Speed: 3.862207 samples/sec	accuracy=0.826413	lr=0.000055
Epoch[9] Batch [1199]	Speed: 3.816515 samples/sec	accuracy=0.826354	lr=0.000055
Epoch[9] Batch [1249]	Speed: 3.847498 samples/sec	accuracy=0.826500	lr=0.000055
Epoch[9] Batch [1299]	Speed: 3.803738 samples/sec	accuracy=0.827308	lr=0.000055
Epoch[9] Batch [1349]	Speed: 3.834101 samples/sec	accuracy=0.826389	lr=0.000055
Epoch[9] Batch [1399]	Speed: 3.828670 samples/sec	accuracy=0.826518	lr=0.000055
Epoch[9] Batch [1449]	Speed: 3.861083 samples/sec	accuracy=0.827414	lr=0.000055
Epoch[9] Batch [1499]	Speed: 3.834774 samples/sec	accuracy=0.827833	lr=0.000055
Epoch[9] Batch [1549]	Speed: 3.840714 samples/sec	accuracy=0.828387	lr=0.000055
Epoch[9] Batch [1599]	Speed: 3.855940 samples/sec	accuracy=0.829141	lr=0.000055
Epoch[9] Batch [1649]	Speed: 3.851976 samples/sec	accuracy=0.828106	lr=0.000055
Epoch[9] Batch [1699]	Speed: 3.839602 samples/sec	accuracy=0.827279	lr=0.000055
Epoch[9] Batch [1749]	Speed: 3.866365 samples/sec	accuracy=0.826357	lr=0.000055
Epoch[9] Batch [1799]	Speed: 3.864774 samples/sec	accuracy=0.826597	lr=0.000055
Epoch[9] Batch [1849]	Speed: 3.831725 samples/sec	accuracy=0.827365	lr=0.000055
Epoch[9] Batch [1899]	Speed: 3.856516 samples/sec	accuracy=0.827171	lr=0.000055
Epoch[9] Batch [1949]	Speed: 3.839932 samples/sec	accuracy=0.827179	lr=0.000055
Epoch[9] Batch [1999]	Speed: 3.826643 samples/sec	accuracy=0.828500	lr=0.000055
Epoch[9] Batch [2049]	Speed: 3.809354 samples/sec	accuracy=0.828598	lr=0.000055
Epoch[9] Batch [2099]	Speed: 3.833542 samples/sec	accuracy=0.829107	lr=0.000055
Epoch[9] Batch [2149]	Speed: 3.834392 samples/sec	accuracy=0.828837	lr=0.000055
Epoch[9] Batch [2199]	Speed: 3.865856 samples/sec	accuracy=0.828580	lr=0.000055
Epoch[9] Batch [2249]	Speed: 3.845489 samples/sec	accuracy=0.829056	lr=0.000055
Epoch[9] Batch [2299]	Speed: 3.841354 samples/sec	accuracy=0.829457	lr=0.000055
Epoch[9] Batch [2349]	Speed: 3.827067 samples/sec	accuracy=0.828457	lr=0.000055
Epoch[9] Batch [2399]	Speed: 3.821609 samples/sec	accuracy=0.828438	lr=0.000055
Epoch[9] Batch [2449]	Speed: 3.819693 samples/sec	accuracy=0.828010	lr=0.000055
Epoch[9] Batch [2499]	Speed: 3.829130 samples/sec	accuracy=0.828150	lr=0.000055
Epoch[9] Batch [2549]	Speed: 3.863463 samples/sec	accuracy=0.827745	lr=0.000055
Epoch[9] Batch [2599]	Speed: 3.859704 samples/sec	accuracy=0.827596	lr=0.000055
Epoch[9] Batch [2649]	Speed: 3.845517 samples/sec	accuracy=0.826981	lr=0.000055
Epoch[9] Batch [2699]	Speed: 3.802777 samples/sec	accuracy=0.826296	lr=0.000055
Epoch[9] Batch [2749]	Speed: 3.816838 samples/sec	accuracy=0.826636	lr=0.000055
Epoch[9] Batch [2799]	Speed: 3.806891 samples/sec	accuracy=0.826786	lr=0.000055
Epoch[9] Batch [2849]	Speed: 3.815414 samples/sec	accuracy=0.826886	lr=0.000055
Epoch[9] Batch [2899]	Speed: 3.817724 samples/sec	accuracy=0.827069	lr=0.000055
Epoch[9] Batch [2949]	Speed: 3.807607 samples/sec	accuracy=0.827373	lr=0.000055
Epoch[9] Batch [2999]	Speed: 3.809736 samples/sec	accuracy=0.827250	lr=0.000055
Epoch[9] Batch [3049]	Speed: 3.814507 samples/sec	accuracy=0.827131	lr=0.000055
Epoch[9] Batch [3099]	Speed: 3.789054 samples/sec	accuracy=0.826492	lr=0.000055
Epoch[9] Batch [3149]	Speed: 3.756984 samples/sec	accuracy=0.826349	lr=0.000055
Epoch[9] Batch [3199]	Speed: 3.789101 samples/sec	accuracy=0.826055	lr=0.000055
Epoch[9] Batch [3249]	Speed: 3.791232 samples/sec	accuracy=0.825962	lr=0.000055
Epoch[9] Batch [3299]	Speed: 3.805145 samples/sec	accuracy=0.826212	lr=0.000055
[Epoch 9] training: accuracy=0.826281
[Epoch 9] speed: 3 samples/sec	time cost: 6965.772040
[Epoch 9] validation: top1=0.894879 top5=1.000000
[Epoch 9] Current best top-1: 0.894879 vs previous 0.891509, saved to /home/mzy/PycharmProjects/pythonProject/64865ae5/.trial_0/best_checkpoint.pkl
Epoch[10] Batch [49]	Speed: 3.818752 samples/sec	accuracy=0.812500	lr=0.000055
Epoch[10] Batch [99]	Speed: 3.803846 samples/sec	accuracy=0.816250	lr=0.000055
Epoch[10] Batch [149]	Speed: 3.815435 samples/sec	accuracy=0.833333	lr=0.000055
Epoch[10] Batch [199]	Speed: 3.803559 samples/sec	accuracy=0.830625	lr=0.000055
Epoch[10] Batch [249]	Speed: 3.780521 samples/sec	accuracy=0.831000	lr=0.000055
Epoch[10] Batch [299]	Speed: 3.811762 samples/sec	accuracy=0.832083	lr=0.000055
Epoch[10] Batch [349]	Speed: 3.798919 samples/sec	accuracy=0.834286	lr=0.000055
Epoch[10] Batch [399]	Speed: 3.818165 samples/sec	accuracy=0.833438	lr=0.000055
Epoch[10] Batch [449]	Speed: 3.820175 samples/sec	accuracy=0.831389	lr=0.000055
Epoch[10] Batch [499]	Speed: 3.792653 samples/sec	accuracy=0.833000	lr=0.000055
Epoch[10] Batch [549]	Speed: 3.822661 samples/sec	accuracy=0.833182	lr=0.000055
Epoch[10] Batch [599]	Speed: 3.816393 samples/sec	accuracy=0.831042	lr=0.000055
Epoch[10] Batch [649]	Speed: 3.772630 samples/sec	accuracy=0.831923	lr=0.000055
Epoch[10] Batch [699]	Speed: 3.818424 samples/sec	accuracy=0.830893	lr=0.000055
Epoch[10] Batch [749]	Speed: 3.817710 samples/sec	accuracy=0.830667	lr=0.000055
Epoch[10] Batch [799]	Speed: 3.790388 samples/sec	accuracy=0.830313	lr=0.000055
Epoch[10] Batch [849]	Speed: 3.817701 samples/sec	accuracy=0.829118	lr=0.000055
Epoch[10] Batch [899]	Speed: 3.811153 samples/sec	accuracy=0.827639	lr=0.000055
Epoch[10] Batch [949]	Speed: 3.798634 samples/sec	accuracy=0.828026	lr=0.000055
Epoch[10] Batch [999]	Speed: 3.788526 samples/sec	accuracy=0.828750	lr=0.000055
Epoch[10] Batch [1049]	Speed: 3.804718 samples/sec	accuracy=0.828571	lr=0.000055
Epoch[10] Batch [1099]	Speed: 3.778896 samples/sec	accuracy=0.828864	lr=0.000055
Epoch[10] Batch [1149]	Speed: 3.796378 samples/sec	accuracy=0.829674	lr=0.000055
Epoch[10] Batch [1199]	Speed: 3.799789 samples/sec	accuracy=0.830417	lr=0.000055
Epoch[10] Batch [1249]	Speed: 3.787637 samples/sec	accuracy=0.830400	lr=0.000055
Epoch[10] Batch [1299]	Speed: 3.813073 samples/sec	accuracy=0.830577	lr=0.000055
Epoch[10] Batch [1349]	Speed: 3.809857 samples/sec	accuracy=0.830833	lr=0.000055
Epoch[10] Batch [1399]	Speed: 3.788994 samples/sec	accuracy=0.830804	lr=0.000055
Epoch[10] Batch [1449]	Speed: 3.795299 samples/sec	accuracy=0.830259	lr=0.000055
Epoch[10] Batch [1499]	Speed: 3.811999 samples/sec	accuracy=0.830083	lr=0.000055
Epoch[10] Batch [1549]	Speed: 3.799639 samples/sec	accuracy=0.829435	lr=0.000055
Epoch[10] Batch [1599]	Speed: 3.804358 samples/sec	accuracy=0.830469	lr=0.000055
Epoch[10] Batch [1649]	Speed: 3.795080 samples/sec	accuracy=0.830833	lr=0.000055
Epoch[10] Batch [1699]	Speed: 3.798631 samples/sec	accuracy=0.831103	lr=0.000055
Epoch[10] Batch [1749]	Speed: 3.807965 samples/sec	accuracy=0.831429	lr=0.000055
Epoch[10] Batch [1799]	Speed: 3.778938 samples/sec	accuracy=0.830625	lr=0.000055
Epoch[10] Batch [1849]	Speed: 3.770342 samples/sec	accuracy=0.830676	lr=0.000055
Epoch[10] Batch [1899]	Speed: 3.780004 samples/sec	accuracy=0.829671	lr=0.000055
Epoch[10] Batch [1949]	Speed: 3.780523 samples/sec	accuracy=0.829679	lr=0.000055
Epoch[10] Batch [1999]	Speed: 3.818978 samples/sec	accuracy=0.829125	lr=0.000055
Epoch[10] Batch [2049]	Speed: 3.809707 samples/sec	accuracy=0.829695	lr=0.000055
Epoch[10] Batch [2099]	Speed: 3.794228 samples/sec	accuracy=0.829524	lr=0.000055
Epoch[10] Batch [2149]	Speed: 3.797634 samples/sec	accuracy=0.829709	lr=0.000055
Epoch[10] Batch [2199]	Speed: 3.785198 samples/sec	accuracy=0.829318	lr=0.000055
Epoch[10] Batch [2249]	Speed: 3.773395 samples/sec	accuracy=0.829000	lr=0.000055
Epoch[10] Batch [2299]	Speed: 3.791791 samples/sec	accuracy=0.828750	lr=0.000055
Epoch[10] Batch [2349]	Speed: 3.793321 samples/sec	accuracy=0.828670	lr=0.000055
Epoch[10] Batch [2399]	Speed: 3.781964 samples/sec	accuracy=0.828281	lr=0.000055
Epoch[10] Batch [2449]	Speed: 3.793024 samples/sec	accuracy=0.828622	lr=0.000055
Epoch[10] Batch [2499]	Speed: 3.770867 samples/sec	accuracy=0.828700	lr=0.000055
Epoch[10] Batch [2549]	Speed: 3.782601 samples/sec	accuracy=0.828775	lr=0.000055
Epoch[10] Batch [2599]	Speed: 3.801886 samples/sec	accuracy=0.828750	lr=0.000055
Epoch[10] Batch [2649]	Speed: 3.795477 samples/sec	accuracy=0.828821	lr=0.000055
Epoch[10] Batch [2699]	Speed: 3.794209 samples/sec	accuracy=0.828472	lr=0.000055
Epoch[10] Batch [2749]	Speed: 3.790027 samples/sec	accuracy=0.828364	lr=0.000055
Epoch[10] Batch [2799]	Speed: 3.774144 samples/sec	accuracy=0.828527	lr=0.000055
Epoch[10] Batch [2849]	Speed: 3.801479 samples/sec	accuracy=0.828202	lr=0.000055
Epoch[10] Batch [2899]	Speed: 3.795752 samples/sec	accuracy=0.828190	lr=0.000055
Epoch[10] Batch [2949]	Speed: 3.797623 samples/sec	accuracy=0.828390	lr=0.000055
Epoch[10] Batch [2999]	Speed: 3.778446 samples/sec	accuracy=0.828500	lr=0.000055
Epoch[10] Batch [3049]	Speed: 3.776897 samples/sec	accuracy=0.828361	lr=0.000055
Epoch[10] Batch [3099]	Speed: 3.763785 samples/sec	accuracy=0.828266	lr=0.000055
Epoch[10] Batch [3149]	Speed: 3.774293 samples/sec	accuracy=0.828690	lr=0.000055
Epoch[10] Batch [3199]	Speed: 3.774916 samples/sec	accuracy=0.828359	lr=0.000055
Epoch[10] Batch [3249]	Speed: 3.781965 samples/sec	accuracy=0.828577	lr=0.000055
Epoch[10] Batch [3299]	Speed: 3.773957 samples/sec	accuracy=0.828447	lr=0.000055
[Epoch 10] training: accuracy=0.828228
[Epoch 10] speed: 3 samples/sec	time cost: 7036.307994
[Epoch 10] validation: top1=0.896900 top5=1.000000
[Epoch 10] Current best top-1: 0.896900 vs previous 0.894879, saved to /home/mzy/PycharmProjects/pythonProject/64865ae5/.trial_0/best_checkpoint.pkl
Epoch[11] Batch [49]	Speed: 3.847312 samples/sec	accuracy=0.815000	lr=0.000055
Epoch[11] Batch [99]	Speed: 3.839060 samples/sec	accuracy=0.812500	lr=0.000055
Epoch[11] Batch [149]	Speed: 3.785055 samples/sec	accuracy=0.810833	lr=0.000055
Epoch[11] Batch [199]	Speed: 3.778171 samples/sec	accuracy=0.815000	lr=0.000055
Epoch[11] Batch [249]	Speed: 3.828128 samples/sec	accuracy=0.809500	lr=0.000055
Epoch[11] Batch [299]	Speed: 3.858461 samples/sec	accuracy=0.812917	lr=0.000055
Epoch[11] Batch [349]	Speed: 3.801155 samples/sec	accuracy=0.815000	lr=0.000055
Epoch[11] Batch [399]	Speed: 3.810832 samples/sec	accuracy=0.814375	lr=0.000055
Epoch[11] Batch [449]	Speed: 3.819057 samples/sec	accuracy=0.816944	lr=0.000055
Epoch[11] Batch [499]	Speed: 3.826147 samples/sec	accuracy=0.815250	lr=0.000055
Epoch[11] Batch [549]	Speed: 3.852872 samples/sec	accuracy=0.817727	lr=0.000055
Epoch[11] Batch [599]	Speed: 3.843131 samples/sec	accuracy=0.816875	lr=0.000055
Epoch[11] Batch [649]	Speed: 3.844648 samples/sec	accuracy=0.815769	lr=0.000055
Epoch[11] Batch [699]	Speed: 3.841908 samples/sec	accuracy=0.814643	lr=0.000055
Epoch[11] Batch [749]	Speed: 3.825824 samples/sec	accuracy=0.814667	lr=0.000055
Epoch[11] Batch [799]	Speed: 3.827312 samples/sec	accuracy=0.817187	lr=0.000055
Epoch[11] Batch [849]	Speed: 3.852132 samples/sec	accuracy=0.817500	lr=0.000055
Epoch[11] Batch [899]	Speed: 3.846743 samples/sec	accuracy=0.818194	lr=0.000055
Epoch[11] Batch [949]	Speed: 3.837395 samples/sec	accuracy=0.819211	lr=0.000055
Epoch[11] Batch [999]	Speed: 3.826555 samples/sec	accuracy=0.819500	lr=0.000055
Epoch[11] Batch [1049]	Speed: 3.837972 samples/sec	accuracy=0.821548	lr=0.000055
Epoch[11] Batch [1099]	Speed: 3.688739 samples/sec	accuracy=0.820568	lr=0.000055
Epoch[11] Batch [1149]	Speed: 3.829837 samples/sec	accuracy=0.820543	lr=0.000055
Epoch[11] Batch [1199]	Speed: 3.819448 samples/sec	accuracy=0.819896	lr=0.000055
Epoch[11] Batch [1249]	Speed: 3.812025 samples/sec	accuracy=0.820600	lr=0.000055
Epoch[11] Batch [1299]	Speed: 3.835877 samples/sec	accuracy=0.819808	lr=0.000055
Epoch[11] Batch [1349]	Speed: 3.833777 samples/sec	accuracy=0.820741	lr=0.000055
Epoch[11] Batch [1399]	Speed: 3.850491 samples/sec	accuracy=0.821071	lr=0.000055
Epoch[11] Batch [1449]	Speed: 3.815851 samples/sec	accuracy=0.821897	lr=0.000055
Epoch[11] Batch [1499]	Speed: 3.789957 samples/sec	accuracy=0.822500	lr=0.000055
Epoch[11] Batch [1549]	Speed: 3.781700 samples/sec	accuracy=0.822984	lr=0.000055
Epoch[11] Batch [1599]	Speed: 3.813282 samples/sec	accuracy=0.823359	lr=0.000055
Epoch[11] Batch [1649]	Speed: 3.810381 samples/sec	accuracy=0.823333	lr=0.000055
Epoch[11] Batch [1699]	Speed: 3.839387 samples/sec	accuracy=0.824632	lr=0.000055
Epoch[11] Batch [1749]	Speed: 3.814345 samples/sec	accuracy=0.824357	lr=0.000055
Epoch[11] Batch [1799]	Speed: 3.848261 samples/sec	accuracy=0.824375	lr=0.000055
Epoch[11] Batch [1849]	Speed: 3.839967 samples/sec	accuracy=0.824797	lr=0.000055
Epoch[11] Batch [1899]	Speed: 3.809725 samples/sec	accuracy=0.825263	lr=0.000055
Epoch[11] Batch [1949]	Speed: 3.847714 samples/sec	accuracy=0.824679	lr=0.000055
Epoch[11] Batch [1999]	Speed: 3.794230 samples/sec	accuracy=0.824875	lr=0.000055
Epoch[11] Batch [2049]	Speed: 3.831834 samples/sec	accuracy=0.825610	lr=0.000055
Epoch[11] Batch [2099]	Speed: 3.859673 samples/sec	accuracy=0.826250	lr=0.000055
Epoch[11] Batch [2149]	Speed: 3.612424 samples/sec	accuracy=0.826047	lr=0.000055
Epoch[11] Batch [2199]	Speed: 3.601886 samples/sec	accuracy=0.825568	lr=0.000055
Epoch[11] Batch [2249]	Speed: 3.649550 samples/sec	accuracy=0.825167	lr=0.000055
Epoch[11] Batch [2299]	Speed: 3.599994 samples/sec	accuracy=0.825380	lr=0.000055
Epoch[11] Batch [2349]	Speed: 3.553926 samples/sec	accuracy=0.826064	lr=0.000055
Epoch[11] Batch [2399]	Speed: 3.558272 samples/sec	accuracy=0.826562	lr=0.000055
Epoch[11] Batch [2449]	Speed: 3.559762 samples/sec	accuracy=0.826837	lr=0.000055
Epoch[11] Batch [2499]	Speed: 3.530080 samples/sec	accuracy=0.826850	lr=0.000055
Epoch[11] Batch [2549]	Speed: 3.356908 samples/sec	accuracy=0.827255	lr=0.000055
Epoch[11] Batch [2599]	Speed: 3.576267 samples/sec	accuracy=0.827260	lr=0.000055
Epoch[11] Batch [2649]	Speed: 3.753409 samples/sec	accuracy=0.827830	lr=0.000055
Epoch[11] Batch [2699]	Speed: 3.742118 samples/sec	accuracy=0.827546	lr=0.000055
Epoch[11] Batch [2749]	Speed: 3.738045 samples/sec	accuracy=0.827818	lr=0.000055
Epoch[11] Batch [2799]	Speed: 3.756796 samples/sec	accuracy=0.827857	lr=0.000055
Epoch[11] Batch [2849]	Speed: 3.734123 samples/sec	accuracy=0.827982	lr=0.000055
Epoch[11] Batch [2899]	Speed: 3.732495 samples/sec	accuracy=0.827457	lr=0.000055
Epoch[11] Batch [2949]	Speed: 3.734004 samples/sec	accuracy=0.827458	lr=0.000055
Epoch[11] Batch [2999]	Speed: 3.727084 samples/sec	accuracy=0.827875	lr=0.000055
Epoch[11] Batch [3049]	Speed: 3.701498 samples/sec	accuracy=0.827787	lr=0.000055
Epoch[11] Batch [3099]	Speed: 3.730585 samples/sec	accuracy=0.827782	lr=0.000055
Epoch[11] Batch [3149]	Speed: 3.737345 samples/sec	accuracy=0.827738	lr=0.000055
Epoch[11] Batch [3199]	Speed: 3.849489 samples/sec	accuracy=0.827500	lr=0.000055
Epoch[11] Batch [3249]	Speed: 3.802948 samples/sec	accuracy=0.827385	lr=0.000055
Epoch[11] Batch [3299]	Speed: 3.813440 samples/sec	accuracy=0.827538	lr=0.000055
[Epoch 11] training: accuracy=0.827591
[Epoch 11] speed: 3 samples/sec	time cost: 7089.572016
[Epoch 11] validation: top1=0.898248 top5=1.000000
[Epoch 11] Current best top-1: 0.898248 vs previous 0.896900, saved to /home/mzy/PycharmProjects/pythonProject/64865ae5/.trial_0/best_checkpoint.pkl
Epoch[12] Batch [49]	Speed: 2.613189 samples/sec	accuracy=0.830000	lr=0.000055
