Saved config to /home/mzy/PycharmProjects/pythonProject/3213ff69/.trial_0/config.yaml
Model coat_lite_small created, param count:                                         19327556
AMP not enabled. Training in float32.
Disable EMA as it is not supported for now.
Start training from [Epoch 0]
Epoch[0] Batch [49]	Speed: 3.238861 samples/sec	accuracy=0.375000	lr=0.000100
Epoch[0] Batch [99]	Speed: 3.304292 samples/sec	accuracy=0.510000	lr=0.000100
Epoch[0] Batch [149]	Speed: 3.297621 samples/sec	accuracy=0.565000	lr=0.000100
Epoch[0] Batch [199]	Speed: 3.291344 samples/sec	accuracy=0.597500	lr=0.000100
Epoch[0] Batch [249]	Speed: 3.326989 samples/sec	accuracy=0.628000	lr=0.000100
Epoch[0] Batch [299]	Speed: 3.338705 samples/sec	accuracy=0.656667	lr=0.000100
Epoch[0] Batch [349]	Speed: 3.295460 samples/sec	accuracy=0.667143	lr=0.000100
Epoch[0] Batch [399]	Speed: 3.332580 samples/sec	accuracy=0.678125	lr=0.000100
Epoch[0] Batch [449]	Speed: 3.345962 samples/sec	accuracy=0.688333	lr=0.000100
Epoch[0] Batch [499]	Speed: 3.336641 samples/sec	accuracy=0.693500	lr=0.000100
Epoch[0] Batch [549]	Speed: 3.338099 samples/sec	accuracy=0.700909	lr=0.000100
Epoch[0] Batch [599]	Speed: 3.334228 samples/sec	accuracy=0.710417	lr=0.000100
Epoch[0] Batch [649]	Speed: 3.327889 samples/sec	accuracy=0.716154	lr=0.000100
Epoch[0] Batch [699]	Speed: 3.326535 samples/sec	accuracy=0.722500	lr=0.000100
Epoch[0] Batch [749]	Speed: 3.324857 samples/sec	accuracy=0.729000	lr=0.000100
Epoch[0] Batch [799]	Speed: 3.337442 samples/sec	accuracy=0.732812	lr=0.000100
Epoch[0] Batch [849]	Speed: 3.334161 samples/sec	accuracy=0.736765	lr=0.000100
Epoch[0] Batch [899]	Speed: 3.347598 samples/sec	accuracy=0.739167	lr=0.000100
Epoch[0] Batch [949]	Speed: 3.342341 samples/sec	accuracy=0.741579	lr=0.000100
Epoch[0] Batch [999]	Speed: 3.331700 samples/sec	accuracy=0.747250	lr=0.000100
Epoch[0] Batch [1049]	Speed: 3.333872 samples/sec	accuracy=0.750238	lr=0.000100
Epoch[0] Batch [1099]	Speed: 3.332761 samples/sec	accuracy=0.752727	lr=0.000100
Epoch[0] Batch [1149]	Speed: 3.337686 samples/sec	accuracy=0.754565	lr=0.000100
Epoch[0] Batch [1199]	Speed: 3.346425 samples/sec	accuracy=0.756875	lr=0.000100
Epoch[0] Batch [1249]	Speed: 3.332428 samples/sec	accuracy=0.758400	lr=0.000100
Epoch[0] Batch [1299]	Speed: 3.345476 samples/sec	accuracy=0.760769	lr=0.000100
Epoch[0] Batch [1349]	Speed: 3.339594 samples/sec	accuracy=0.762963	lr=0.000100
Epoch[0] Batch [1399]	Speed: 3.336177 samples/sec	accuracy=0.766786	lr=0.000100
Epoch[0] Batch [1449]	Speed: 3.345113 samples/sec	accuracy=0.769828	lr=0.000100
Epoch[0] Batch [1499]	Speed: 3.351744 samples/sec	accuracy=0.772000	lr=0.000100
Epoch[0] Batch [1549]	Speed: 3.316026 samples/sec	accuracy=0.774516	lr=0.000100
Epoch[0] Batch [1599]	Speed: 3.337295 samples/sec	accuracy=0.775625	lr=0.000100
Epoch[0] Batch [1649]	Speed: 3.316123 samples/sec	accuracy=0.778788	lr=0.000100
Epoch[0] Batch [1699]	Speed: 3.328732 samples/sec	accuracy=0.780588	lr=0.000100
Epoch[0] Batch [1749]	Speed: 3.346692 samples/sec	accuracy=0.783143	lr=0.000100
Epoch[0] Batch [1799]	Speed: 3.316909 samples/sec	accuracy=0.785556	lr=0.000100
Epoch[0] Batch [1849]	Speed: 3.332762 samples/sec	accuracy=0.788108	lr=0.000100
Epoch[0] Batch [1899]	Speed: 3.336556 samples/sec	accuracy=0.790132	lr=0.000100
Epoch[0] Batch [1949]	Speed: 3.340101 samples/sec	accuracy=0.792308	lr=0.000100
Epoch[0] Batch [1999]	Speed: 3.341066 samples/sec	accuracy=0.794375	lr=0.000100
Epoch[0] Batch [2049]	Speed: 3.352633 samples/sec	accuracy=0.796341	lr=0.000100
Epoch[0] Batch [2099]	Speed: 3.330675 samples/sec	accuracy=0.797024	lr=0.000100
Epoch[0] Batch [2149]	Speed: 3.349999 samples/sec	accuracy=0.799302	lr=0.000100
Epoch[0] Batch [2199]	Speed: 3.328303 samples/sec	accuracy=0.800114	lr=0.000100
Epoch[0] Batch [2249]	Speed: 3.348156 samples/sec	accuracy=0.801000	lr=0.000100
Epoch[0] Batch [2299]	Speed: 3.333565 samples/sec	accuracy=0.802391	lr=0.000100
Epoch[0] Batch [2349]	Speed: 3.350477 samples/sec	accuracy=0.802660	lr=0.000100
Epoch[0] Batch [2399]	Speed: 3.337678 samples/sec	accuracy=0.803646	lr=0.000100
Epoch[0] Batch [2449]	Speed: 3.343786 samples/sec	accuracy=0.805510	lr=0.000100
Epoch[0] Batch [2499]	Speed: 3.342267 samples/sec	accuracy=0.806600	lr=0.000100
Epoch[0] Batch [2549]	Speed: 3.327975 samples/sec	accuracy=0.807745	lr=0.000100
Epoch[0] Batch [2599]	Speed: 3.309173 samples/sec	accuracy=0.809712	lr=0.000100
Epoch[0] Batch [2649]	Speed: 3.337730 samples/sec	accuracy=0.811321	lr=0.000100
Epoch[0] Batch [2699]	Speed: 3.341019 samples/sec	accuracy=0.812593	lr=0.000100
Epoch[0] Batch [2749]	Speed: 3.337744 samples/sec	accuracy=0.814000	lr=0.000100
Epoch[0] Batch [2799]	Speed: 3.312446 samples/sec	accuracy=0.815357	lr=0.000100
Epoch[0] Batch [2849]	Speed: 3.337561 samples/sec	accuracy=0.816140	lr=0.000100
Epoch[0] Batch [2899]	Speed: 3.348312 samples/sec	accuracy=0.817069	lr=0.000100
Epoch[0] Batch [2949]	Speed: 3.341839 samples/sec	accuracy=0.817373	lr=0.000100
Epoch[0] Batch [2999]	Speed: 3.311443 samples/sec	accuracy=0.818833	lr=0.000100
Epoch[0] Batch [3049]	Speed: 3.302343 samples/sec	accuracy=0.819754	lr=0.000100
Epoch[0] Batch [3099]	Speed: 3.313727 samples/sec	accuracy=0.820726	lr=0.000100
Epoch[0] Batch [3149]	Speed: 3.326529 samples/sec	accuracy=0.821508	lr=0.000100
Epoch[0] Batch [3199]	Speed: 3.327102 samples/sec	accuracy=0.822266	lr=0.000100
Epoch[0] Batch [3249]	Speed: 3.330786 samples/sec	accuracy=0.822923	lr=0.000100
Epoch[0] Batch [3299]	Speed: 3.333716 samples/sec	accuracy=0.824015	lr=0.000100
Epoch[0] Batch [3349]	Speed: 3.305639 samples/sec	accuracy=0.824552	lr=0.000100
Epoch[0] Batch [3399]	Speed: 3.321982 samples/sec	accuracy=0.825882	lr=0.000100
Epoch[0] Batch [3449]	Speed: 3.332970 samples/sec	accuracy=0.826884	lr=0.000100
Epoch[0] Batch [3499]	Speed: 3.293599 samples/sec	accuracy=0.828000	lr=0.000100
Epoch[0] Batch [3549]	Speed: 3.313818 samples/sec	accuracy=0.828592	lr=0.000100
Epoch[0] Batch [3599]	Speed: 3.310204 samples/sec	accuracy=0.829444	lr=0.000100
Epoch[0] Batch [3649]	Speed: 3.310073 samples/sec	accuracy=0.830548	lr=0.000100
Epoch[0] Batch [3699]	Speed: 3.334618 samples/sec	accuracy=0.831284	lr=0.000100
Epoch[0] Batch [3749]	Speed: 3.325253 samples/sec	accuracy=0.832133	lr=0.000100
Epoch[0] Batch [3799]	Speed: 3.333181 samples/sec	accuracy=0.832961	lr=0.000100
Epoch[0] Batch [3849]	Speed: 3.343090 samples/sec	accuracy=0.833506	lr=0.000100
Epoch[0] Batch [3899]	Speed: 3.324908 samples/sec	accuracy=0.833846	lr=0.000100
Epoch[0] Batch [3949]	Speed: 3.342513 samples/sec	accuracy=0.835000	lr=0.000100
Epoch[0] Batch [3999]	Speed: 3.316636 samples/sec	accuracy=0.835750	lr=0.000100
Epoch[0] Batch [4049]	Speed: 3.341947 samples/sec	accuracy=0.836049	lr=0.000100
Epoch[0] Batch [4099]	Speed: 3.321661 samples/sec	accuracy=0.836524	lr=0.000100
Epoch[0] Batch [4149]	Speed: 3.339073 samples/sec	accuracy=0.837108	lr=0.000100
Epoch[0] Batch [4199]	Speed: 3.328363 samples/sec	accuracy=0.837560	lr=0.000100
Epoch[0] Batch [4249]	Speed: 3.319583 samples/sec	accuracy=0.838706	lr=0.000100
Epoch[0] Batch [4299]	Speed: 3.309004 samples/sec	accuracy=0.839244	lr=0.000100
Epoch[0] Batch [4349]	Speed: 3.329452 samples/sec	accuracy=0.839828	lr=0.000100
Epoch[0] Batch [4399]	Speed: 3.312640 samples/sec	accuracy=0.840739	lr=0.000100
Epoch[0] Batch [4449]	Speed: 3.328000 samples/sec	accuracy=0.840899	lr=0.000100
Epoch[0] Batch [4499]	Speed: 3.332556 samples/sec	accuracy=0.841222	lr=0.000100
Epoch[0] Batch [4549]	Speed: 3.324753 samples/sec	accuracy=0.841538	lr=0.000100
Epoch[0] Batch [4599]	Speed: 3.331716 samples/sec	accuracy=0.842283	lr=0.000100
Epoch[0] Batch [4649]	Speed: 3.322157 samples/sec	accuracy=0.842957	lr=0.000100
Epoch[0] Batch [4699]	Speed: 3.329534 samples/sec	accuracy=0.843617	lr=0.000100
Epoch[0] Batch [4749]	Speed: 3.344566 samples/sec	accuracy=0.844105	lr=0.000100
Epoch[0] Batch [4799]	Speed: 3.315932 samples/sec	accuracy=0.844844	lr=0.000100
Epoch[0] Batch [4849]	Speed: 3.319424 samples/sec	accuracy=0.845412	lr=0.000100
Epoch[0] Batch [4899]	Speed: 3.325928 samples/sec	accuracy=0.845765	lr=0.000100
Epoch[0] Batch [4949]	Speed: 3.323952 samples/sec	accuracy=0.846010	lr=0.000100
Epoch[0] Batch [4999]	Speed: 3.338706 samples/sec	accuracy=0.847050	lr=0.000100
Epoch[0] Batch [5049]	Speed: 3.336442 samples/sec	accuracy=0.847327	lr=0.000100
Epoch[0] Batch [5099]	Speed: 3.336991 samples/sec	accuracy=0.847598	lr=0.000100
Epoch[0] Batch [5149]	Speed: 3.337050 samples/sec	accuracy=0.848010	lr=0.000100
Epoch[0] Batch [5199]	Speed: 3.338557 samples/sec	accuracy=0.848558	lr=0.000100
Epoch[0] Batch [5249]	Speed: 3.323776 samples/sec	accuracy=0.849190	lr=0.000100
Epoch[0] Batch [5299]	Speed: 3.335612 samples/sec	accuracy=0.849811	lr=0.000100
Epoch[0] Batch [5349]	Speed: 3.322566 samples/sec	accuracy=0.850421	lr=0.000100
Epoch[0] Batch [5399]	Speed: 3.331648 samples/sec	accuracy=0.850880	lr=0.000100
Epoch[0] Batch [5449]	Speed: 3.333142 samples/sec	accuracy=0.851514	lr=0.000100
Epoch[0] Batch [5499]	Speed: 3.330720 samples/sec	accuracy=0.851682	lr=0.000100
Epoch[0] Batch [5549]	Speed: 3.324705 samples/sec	accuracy=0.852117	lr=0.000100
Epoch[0] Batch [5599]	Speed: 3.328187 samples/sec	accuracy=0.852366	lr=0.000100
Epoch[0] Batch [5649]	Speed: 3.326786 samples/sec	accuracy=0.852965	lr=0.000100
Epoch[0] Batch [5699]	Speed: 3.328308 samples/sec	accuracy=0.853333	lr=0.000100
Epoch[0] Batch [5749]	Speed: 3.326987 samples/sec	accuracy=0.853565	lr=0.000100
Epoch[0] Batch [5799]	Speed: 3.321459 samples/sec	accuracy=0.854009	lr=0.000100
Epoch[0] Batch [5849]	Speed: 3.333994 samples/sec	accuracy=0.854402	lr=0.000100
Epoch[0] Batch [5899]	Speed: 3.327937 samples/sec	accuracy=0.854958	lr=0.000100
Epoch[0] Batch [5949]	Speed: 3.318272 samples/sec	accuracy=0.855588	lr=0.000100
Epoch[0] Batch [5999]	Speed: 3.319549 samples/sec	accuracy=0.855708	lr=0.000100
Epoch[0] Batch [6049]	Speed: 3.313327 samples/sec	accuracy=0.855992	lr=0.000100
Epoch[0] Batch [6099]	Speed: 3.316851 samples/sec	accuracy=0.855943	lr=0.000100
Epoch[0] Batch [6149]	Speed: 3.333916 samples/sec	accuracy=0.856301	lr=0.000100
Epoch[0] Batch [6199]	Speed: 3.318748 samples/sec	accuracy=0.856855	lr=0.000100
Epoch[0] Batch [6249]	Speed: 3.286429 samples/sec	accuracy=0.857200	lr=0.000100
Epoch[0] Batch [6299]	Speed: 3.321345 samples/sec	accuracy=0.857500	lr=0.000100
Epoch[0] Batch [6349]	Speed: 3.337833 samples/sec	accuracy=0.857598	lr=0.000100
Epoch[0] Batch [6399]	Speed: 3.316104 samples/sec	accuracy=0.858047	lr=0.000100
Epoch[0] Batch [6449]	Speed: 3.317524 samples/sec	accuracy=0.858527	lr=0.000100
Epoch[0] Batch [6499]	Speed: 3.328444 samples/sec	accuracy=0.858577	lr=0.000100
Epoch[0] Batch [6549]	Speed: 3.314250 samples/sec	accuracy=0.859008	lr=0.000100
Epoch[0] Batch [6599]	Speed: 3.320601 samples/sec	accuracy=0.859280	lr=0.000100
Epoch[0] Batch [6649]	Speed: 3.335575 samples/sec	accuracy=0.859549	lr=0.000100
[Epoch 0] training: accuracy=0.859721
[Epoch 0] speed: 3 samples/sec	time cost: 8024.244213
[Epoch 0] validation: top1=0.915431 top5=1.000000
[Epoch 0] Current best top-1: 0.915431 vs previous -inf, saved to /home/mzy/PycharmProjects/pythonProject/3213ff69/.trial_0/best_checkpoint.pkl
Epoch[1] Batch [49]	Speed: 3.190843 samples/sec	accuracy=0.895000	lr=0.000072
Epoch[1] Batch [99]	Speed: 3.315790 samples/sec	accuracy=0.892500	lr=0.000072
Epoch[1] Batch [149]	Speed: 3.305415 samples/sec	accuracy=0.890000	lr=0.000072
Epoch[1] Batch [199]	Speed: 3.319970 samples/sec	accuracy=0.896250	lr=0.000072
Epoch[1] Batch [249]	Speed: 3.296212 samples/sec	accuracy=0.909000	lr=0.000072
Epoch[1] Batch [299]	Speed: 3.288885 samples/sec	accuracy=0.905833	lr=0.000072
Epoch[1] Batch [349]	Speed: 3.301363 samples/sec	accuracy=0.908571	lr=0.000072
Epoch[1] Batch [399]	Speed: 3.303339 samples/sec	accuracy=0.911250	lr=0.000072
Epoch[1] Batch [449]	Speed: 3.315335 samples/sec	accuracy=0.911667	lr=0.000072
Epoch[1] Batch [499]	Speed: 3.300405 samples/sec	accuracy=0.912000	lr=0.000072
Epoch[1] Batch [549]	Speed: 3.310111 samples/sec	accuracy=0.911364	lr=0.000072
Epoch[1] Batch [599]	Speed: 3.319423 samples/sec	accuracy=0.912083	lr=0.000072
Epoch[1] Batch [649]	Speed: 3.311237 samples/sec	accuracy=0.911538	lr=0.000072
Epoch[1] Batch [699]	Speed: 3.312189 samples/sec	accuracy=0.911071	lr=0.000072
Epoch[1] Batch [749]	Speed: 3.287468 samples/sec	accuracy=0.908333	lr=0.000072
Epoch[1] Batch [799]	Speed: 3.281657 samples/sec	accuracy=0.907188	lr=0.000072
Epoch[1] Batch [849]	Speed: 3.331617 samples/sec	accuracy=0.909412	lr=0.000072
Epoch[1] Batch [899]	Speed: 3.308686 samples/sec	accuracy=0.911667	lr=0.000072
Epoch[1] Batch [949]	Speed: 3.312445 samples/sec	accuracy=0.911316	lr=0.000072
Epoch[1] Batch [999]	Speed: 3.304739 samples/sec	accuracy=0.909750	lr=0.000072
Epoch[1] Batch [1049]	Speed: 3.303595 samples/sec	accuracy=0.909048	lr=0.000072
Epoch[1] Batch [1099]	Speed: 3.304797 samples/sec	accuracy=0.908409	lr=0.000072
Epoch[1] Batch [1149]	Speed: 3.314608 samples/sec	accuracy=0.908913	lr=0.000072
Epoch[1] Batch [1199]	Speed: 3.330923 samples/sec	accuracy=0.908958	lr=0.000072
Epoch[1] Batch [1249]	Speed: 3.318104 samples/sec	accuracy=0.909800	lr=0.000072
Epoch[1] Batch [1299]	Speed: 3.320628 samples/sec	accuracy=0.908846	lr=0.000072
Epoch[1] Batch [1349]	Speed: 3.325252 samples/sec	accuracy=0.909259	lr=0.000072
Epoch[1] Batch [1399]	Speed: 3.324290 samples/sec	accuracy=0.908750	lr=0.000072
Epoch[1] Batch [1449]	Speed: 3.330262 samples/sec	accuracy=0.908103	lr=0.000072
Epoch[1] Batch [1499]	Speed: 3.304424 samples/sec	accuracy=0.908333	lr=0.000072
Epoch[1] Batch [1549]	Speed: 3.309314 samples/sec	accuracy=0.908387	lr=0.000072
Epoch[1] Batch [1599]	Speed: 3.314936 samples/sec	accuracy=0.907969	lr=0.000072
Epoch[1] Batch [1649]	Speed: 3.302528 samples/sec	accuracy=0.908788	lr=0.000072
Epoch[1] Batch [1699]	Speed: 3.320774 samples/sec	accuracy=0.909118	lr=0.000072
Epoch[1] Batch [1749]	Speed: 3.315376 samples/sec	accuracy=0.908714	lr=0.000072
Epoch[1] Batch [1799]	Speed: 3.294732 samples/sec	accuracy=0.909167	lr=0.000072
Epoch[1] Batch [1849]	Speed: 3.217607 samples/sec	accuracy=0.910405	lr=0.000072
Epoch[1] Batch [1899]	Speed: 3.323105 samples/sec	accuracy=0.909474	lr=0.000072
Epoch[1] Batch [1949]	Speed: 3.305864 samples/sec	accuracy=0.909872	lr=0.000072
Epoch[1] Batch [1999]	Speed: 3.331866 samples/sec	accuracy=0.910500	lr=0.000072
Epoch[1] Batch [2049]	Speed: 3.328089 samples/sec	accuracy=0.909878	lr=0.000072
Epoch[1] Batch [2099]	Speed: 3.314117 samples/sec	accuracy=0.910476	lr=0.000072
Epoch[1] Batch [2149]	Speed: 3.321936 samples/sec	accuracy=0.910930	lr=0.000072
Epoch[1] Batch [2199]	Speed: 3.312299 samples/sec	accuracy=0.911364	lr=0.000072
Epoch[1] Batch [2249]	Speed: 3.327553 samples/sec	accuracy=0.911444	lr=0.000072
Epoch[1] Batch [2299]	Speed: 3.302203 samples/sec	accuracy=0.911196	lr=0.000072
Epoch[1] Batch [2349]	Speed: 3.321613 samples/sec	accuracy=0.910957	lr=0.000072
Epoch[1] Batch [2399]	Speed: 3.317368 samples/sec	accuracy=0.911250	lr=0.000072
Epoch[1] Batch [2449]	Speed: 3.323534 samples/sec	accuracy=0.911735	lr=0.000072
Epoch[1] Batch [2499]	Speed: 3.333775 samples/sec	accuracy=0.911900	lr=0.000072
Epoch[1] Batch [2549]	Speed: 3.325642 samples/sec	accuracy=0.912255	lr=0.000072
Epoch[1] Batch [2599]	Speed: 3.323475 samples/sec	accuracy=0.912308	lr=0.000072
Epoch[1] Batch [2649]	Speed: 3.311268 samples/sec	accuracy=0.911887	lr=0.000072
Epoch[1] Batch [2699]	Speed: 3.331772 samples/sec	accuracy=0.911759	lr=0.000072
Epoch[1] Batch [2749]	Speed: 3.317171 samples/sec	accuracy=0.912273	lr=0.000072
Epoch[1] Batch [2799]	Speed: 3.328177 samples/sec	accuracy=0.912589	lr=0.000072
Epoch[1] Batch [2849]	Speed: 3.336554 samples/sec	accuracy=0.913070	lr=0.000072
Epoch[1] Batch [2899]	Speed: 3.318659 samples/sec	accuracy=0.913276	lr=0.000072
Epoch[1] Batch [2949]	Speed: 3.295749 samples/sec	accuracy=0.912797	lr=0.000072
Epoch[1] Batch [2999]	Speed: 3.312542 samples/sec	accuracy=0.913083	lr=0.000072
Epoch[1] Batch [3049]	Speed: 3.309424 samples/sec	accuracy=0.912787	lr=0.000072
Epoch[1] Batch [3099]	Speed: 3.330675 samples/sec	accuracy=0.912500	lr=0.000072
Epoch[1] Batch [3149]	Speed: 3.318178 samples/sec	accuracy=0.912937	lr=0.000072
Epoch[1] Batch [3199]	Speed: 3.291592 samples/sec	accuracy=0.912891	lr=0.000072
Epoch[1] Batch [3249]	Speed: 3.318985 samples/sec	accuracy=0.913231	lr=0.000072
Epoch[1] Batch [3299]	Speed: 3.314502 samples/sec	accuracy=0.913030	lr=0.000072
Epoch[1] Batch [3349]	Speed: 3.309187 samples/sec	accuracy=0.913284	lr=0.000072
Epoch[1] Batch [3399]	Speed: 3.316604 samples/sec	accuracy=0.912941	lr=0.000072
Epoch[1] Batch [3449]	Speed: 3.324567 samples/sec	accuracy=0.912391	lr=0.000072
Epoch[1] Batch [3499]	Speed: 3.319939 samples/sec	accuracy=0.912857	lr=0.000072
Epoch[1] Batch [3549]	Speed: 3.322651 samples/sec	accuracy=0.912887	lr=0.000072
Epoch[1] Batch [3599]	Speed: 3.304326 samples/sec	accuracy=0.912847	lr=0.000072
Epoch[1] Batch [3649]	Speed: 3.304462 samples/sec	accuracy=0.912671	lr=0.000072
Epoch[1] Batch [3699]	Speed: 3.333329 samples/sec	accuracy=0.912095	lr=0.000072
Epoch[1] Batch [3749]	Speed: 3.313898 samples/sec	accuracy=0.912533	lr=0.000072
Epoch[1] Batch [3799]	Speed: 3.321343 samples/sec	accuracy=0.912368	lr=0.000072
Epoch[1] Batch [3849]	Speed: 3.316915 samples/sec	accuracy=0.912338	lr=0.000072
Epoch[1] Batch [3899]	Speed: 3.324765 samples/sec	accuracy=0.912949	lr=0.000072
Epoch[1] Batch [3949]	Speed: 3.320655 samples/sec	accuracy=0.912911	lr=0.000072
Epoch[1] Batch [3999]	Speed: 3.323254 samples/sec	accuracy=0.913000	lr=0.000072
Epoch[1] Batch [4049]	Speed: 3.320736 samples/sec	accuracy=0.913086	lr=0.000072
Epoch[1] Batch [4099]	Speed: 3.336782 samples/sec	accuracy=0.912988	lr=0.000072
Epoch[1] Batch [4149]	Speed: 3.319135 samples/sec	accuracy=0.912530	lr=0.000072
Epoch[1] Batch [4199]	Speed: 3.317933 samples/sec	accuracy=0.912560	lr=0.000072
Epoch[1] Batch [4249]	Speed: 3.322572 samples/sec	accuracy=0.912647	lr=0.000072
Epoch[1] Batch [4299]	Speed: 3.323403 samples/sec	accuracy=0.912616	lr=0.000072
Epoch[1] Batch [4349]	Speed: 3.314259 samples/sec	accuracy=0.913103	lr=0.000072
Epoch[1] Batch [4399]	Speed: 3.304420 samples/sec	accuracy=0.913068	lr=0.000072
Epoch[1] Batch [4449]	Speed: 3.327927 samples/sec	accuracy=0.913034	lr=0.000072
Epoch[1] Batch [4499]	Speed: 3.302063 samples/sec	accuracy=0.913111	lr=0.000072
Epoch[1] Batch [4549]	Speed: 3.318528 samples/sec	accuracy=0.912967	lr=0.000072
Epoch[1] Batch [4599]	Speed: 3.308542 samples/sec	accuracy=0.913207	lr=0.000072
Epoch[1] Batch [4649]	Speed: 3.317932 samples/sec	accuracy=0.913226	lr=0.000072
Epoch[1] Batch [4699]	Speed: 3.325592 samples/sec	accuracy=0.913404	lr=0.000072
Epoch[1] Batch [4749]	Speed: 3.322864 samples/sec	accuracy=0.913263	lr=0.000072
Epoch[1] Batch [4799]	Speed: 3.316447 samples/sec	accuracy=0.913229	lr=0.000072
Epoch[1] Batch [4849]	Speed: 3.160694 samples/sec	accuracy=0.913196	lr=0.000072
Epoch[1] Batch [4899]	Speed: 3.018416 samples/sec	accuracy=0.913061	lr=0.000072
Epoch[1] Batch [4949]	Speed: 2.222973 samples/sec	accuracy=0.913131	lr=0.000072
Epoch[1] Batch [4999]	Speed: 3.086108 samples/sec	accuracy=0.912850	lr=0.000072
Epoch[1] Batch [5049]	Speed: 3.094072 samples/sec	accuracy=0.912822	lr=0.000072
Epoch[1] Batch [5099]	Speed: 3.117838 samples/sec	accuracy=0.912941	lr=0.000072
Epoch[1] Batch [5149]	Speed: 3.093918 samples/sec	accuracy=0.912718	lr=0.000072
Epoch[1] Batch [5199]	Speed: 3.105757 samples/sec	accuracy=0.913221	lr=0.000072
Epoch[1] Batch [5249]	Speed: 3.107363 samples/sec	accuracy=0.913095	lr=0.000072
Epoch[1] Batch [5299]	Speed: 3.067076 samples/sec	accuracy=0.913066	lr=0.000072
Epoch[1] Batch [5349]	Speed: 3.114955 samples/sec	accuracy=0.913037	lr=0.000072
Epoch[1] Batch [5399]	Speed: 3.123541 samples/sec	accuracy=0.912917	lr=0.000072
Epoch[1] Batch [5449]	Speed: 3.097092 samples/sec	accuracy=0.913211	lr=0.000072
Epoch[1] Batch [5499]	Speed: 3.121025 samples/sec	accuracy=0.913091	lr=0.000072
Epoch[1] Batch [5549]	Speed: 3.077270 samples/sec	accuracy=0.913423	lr=0.000072
Epoch[1] Batch [5599]	Speed: 3.114780 samples/sec	accuracy=0.913482	lr=0.000072
Epoch[1] Batch [5649]	Speed: 2.686033 samples/sec	accuracy=0.913319	lr=0.000072
Epoch[1] Batch [5699]	Speed: 3.021873 samples/sec	accuracy=0.913246	lr=0.000072
Epoch[1] Batch [5749]	Speed: 3.116911 samples/sec	accuracy=0.913304	lr=0.000072
Epoch[1] Batch [5799]	Speed: 3.117706 samples/sec	accuracy=0.912974	lr=0.000072
Epoch[1] Batch [5849]	Speed: 3.101646 samples/sec	accuracy=0.912863	lr=0.000072
Epoch[1] Batch [5899]	Speed: 3.070500 samples/sec	accuracy=0.913093	lr=0.000072
Epoch[1] Batch [5949]	Speed: 3.110955 samples/sec	accuracy=0.913067	lr=0.000072
Epoch[1] Batch [5999]	Speed: 3.120778 samples/sec	accuracy=0.912917	lr=0.000072
Epoch[1] Batch [6049]	Speed: 3.133833 samples/sec	accuracy=0.913264	lr=0.000072
Epoch[1] Batch [6099]	Speed: 3.151610 samples/sec	accuracy=0.913443	lr=0.000072
Epoch[1] Batch [6149]	Speed: 3.065146 samples/sec	accuracy=0.913699	lr=0.000072
Epoch[1] Batch [6199]	Speed: 3.089198 samples/sec	accuracy=0.913790	lr=0.000072
Epoch[1] Batch [6249]	Speed: 1.646442 samples/sec	accuracy=0.913840	lr=0.000072
Epoch[1] Batch [6299]	Speed: 2.905653 samples/sec	accuracy=0.913651	lr=0.000072
Epoch[1] Batch [6349]	Speed: 2.982098 samples/sec	accuracy=0.914016	lr=0.000072
Epoch[1] Batch [6399]	Speed: 3.176834 samples/sec	accuracy=0.914062	lr=0.000072
Epoch[1] Batch [6449]	Speed: 3.140702 samples/sec	accuracy=0.914302	lr=0.000072
Epoch[1] Batch [6499]	Speed: 3.115270 samples/sec	accuracy=0.914269	lr=0.000072
Epoch[1] Batch [6549]	Speed: 3.115942 samples/sec	accuracy=0.914275	lr=0.000072
Epoch[1] Batch [6599]	Speed: 3.278219 samples/sec	accuracy=0.914167	lr=0.000072
Epoch[1] Batch [6649]	Speed: 3.295235 samples/sec	accuracy=0.914286	lr=0.000072
[Epoch 1] training: accuracy=0.914470
[Epoch 1] speed: 3 samples/sec	time cost: 8303.289109
[Epoch 1] validation: top1=0.931941 top5=1.000000
[Epoch 1] Current best top-1: 0.931941 vs previous 0.915431, saved to /home/mzy/PycharmProjects/pythonProject/3213ff69/.trial_0/best_checkpoint.pkl
Epoch[2] Batch [49]	Speed: 3.288807 samples/sec	accuracy=0.900000	lr=0.000045
Epoch[2] Batch [99]	Speed: 3.290373 samples/sec	accuracy=0.905000	lr=0.000045
Epoch[2] Batch [149]	Speed: 3.306717 samples/sec	accuracy=0.916667	lr=0.000045
Epoch[2] Batch [199]	Speed: 3.301929 samples/sec	accuracy=0.916250	lr=0.000045
Epoch[2] Batch [249]	Speed: 3.296871 samples/sec	accuracy=0.917000	lr=0.000045
Epoch[2] Batch [299]	Speed: 3.304411 samples/sec	accuracy=0.917500	lr=0.000045
Epoch[2] Batch [349]	Speed: 3.273097 samples/sec	accuracy=0.922857	lr=0.000045
Epoch[2] Batch [399]	Speed: 3.286466 samples/sec	accuracy=0.920000	lr=0.000045
Epoch[2] Batch [449]	Speed: 3.310387 samples/sec	accuracy=0.920556	lr=0.000045
Epoch[2] Batch [499]	Speed: 3.173619 samples/sec	accuracy=0.921500	lr=0.000045
Epoch[2] Batch [549]	Speed: 3.290781 samples/sec	accuracy=0.923182	lr=0.000045
Epoch[2] Batch [599]	Speed: 3.310125 samples/sec	accuracy=0.923750	lr=0.000045
Epoch[2] Batch [649]	Speed: 3.300500 samples/sec	accuracy=0.925769	lr=0.000045
Epoch[2] Batch [699]	Speed: 3.301779 samples/sec	accuracy=0.926786	lr=0.000045
Epoch[2] Batch [749]	Speed: 3.287910 samples/sec	accuracy=0.927000	lr=0.000045
Epoch[2] Batch [799]	Speed: 3.309106 samples/sec	accuracy=0.925625	lr=0.000045
Epoch[2] Batch [849]	Speed: 3.295790 samples/sec	accuracy=0.923529	lr=0.000045
Epoch[2] Batch [899]	Speed: 3.314835 samples/sec	accuracy=0.923889	lr=0.000045
Epoch[2] Batch [949]	Speed: 3.313493 samples/sec	accuracy=0.926053	lr=0.000045
Epoch[2] Batch [999]	Speed: 3.313468 samples/sec	accuracy=0.926500	lr=0.000045
Epoch[2] Batch [1049]	Speed: 3.299805 samples/sec	accuracy=0.925714	lr=0.000045
Epoch[2] Batch [1099]	Speed: 3.294173 samples/sec	accuracy=0.924545	lr=0.000045
Epoch[2] Batch [1149]	Speed: 3.313797 samples/sec	accuracy=0.923043	lr=0.000045
Epoch[2] Batch [1199]	Speed: 3.289226 samples/sec	accuracy=0.923333	lr=0.000045
Epoch[2] Batch [1249]	Speed: 3.299371 samples/sec	accuracy=0.923200	lr=0.000045
Epoch[2] Batch [1299]	Speed: 3.312374 samples/sec	accuracy=0.923462	lr=0.000045
Epoch[2] Batch [1349]	Speed: 3.302577 samples/sec	accuracy=0.923889	lr=0.000045
Epoch[2] Batch [1399]	Speed: 3.298972 samples/sec	accuracy=0.924107	lr=0.000045
Epoch[2] Batch [1449]	Speed: 3.316290 samples/sec	accuracy=0.924655	lr=0.000045
Epoch[2] Batch [1499]	Speed: 3.317776 samples/sec	accuracy=0.924167	lr=0.000045
Epoch[2] Batch [1549]	Speed: 3.297812 samples/sec	accuracy=0.924677	lr=0.000045
Epoch[2] Batch [1599]	Speed: 3.321938 samples/sec	accuracy=0.925469	lr=0.000045
Epoch[2] Batch [1649]	Speed: 3.316989 samples/sec	accuracy=0.925606	lr=0.000045
Epoch[2] Batch [1699]	Speed: 3.289908 samples/sec	accuracy=0.925735	lr=0.000045
Epoch[2] Batch [1749]	Speed: 3.306067 samples/sec	accuracy=0.926286	lr=0.000045
Epoch[2] Batch [1799]	Speed: 3.295846 samples/sec	accuracy=0.925833	lr=0.000045
Epoch[2] Batch [1849]	Speed: 3.299305 samples/sec	accuracy=0.926351	lr=0.000045
Epoch[2] Batch [1899]	Speed: 3.305980 samples/sec	accuracy=0.926842	lr=0.000045
Epoch[2] Batch [1949]	Speed: 3.304598 samples/sec	accuracy=0.927051	lr=0.000045
Epoch[2] Batch [1999]	Speed: 3.312027 samples/sec	accuracy=0.927750	lr=0.000045
Epoch[2] Batch [2049]	Speed: 3.278144 samples/sec	accuracy=0.927195	lr=0.000045
Epoch[2] Batch [2099]	Speed: 3.294159 samples/sec	accuracy=0.927381	lr=0.000045
Epoch[2] Batch [2149]	Speed: 3.301130 samples/sec	accuracy=0.927558	lr=0.000045
Epoch[2] Batch [2199]	Speed: 3.276738 samples/sec	accuracy=0.927273	lr=0.000045
Epoch[2] Batch [2249]	Speed: 3.303896 samples/sec	accuracy=0.927000	lr=0.000045
Epoch[2] Batch [2299]	Speed: 3.294356 samples/sec	accuracy=0.926630	lr=0.000045
Epoch[2] Batch [2349]	Speed: 3.305784 samples/sec	accuracy=0.926915	lr=0.000045
Epoch[2] Batch [2399]	Speed: 3.327153 samples/sec	accuracy=0.926771	lr=0.000045
Epoch[2] Batch [2449]	Speed: 3.306257 samples/sec	accuracy=0.926327	lr=0.000045
Epoch[2] Batch [2499]	Speed: 3.303275 samples/sec	accuracy=0.926400	lr=0.000045
Epoch[2] Batch [2549]	Speed: 3.312222 samples/sec	accuracy=0.926275	lr=0.000045
Epoch[2] Batch [2599]	Speed: 3.293254 samples/sec	accuracy=0.926250	lr=0.000045
Epoch[2] Batch [2649]	Speed: 3.297244 samples/sec	accuracy=0.926226	lr=0.000045
Epoch[2] Batch [2699]	Speed: 3.297008 samples/sec	accuracy=0.926296	lr=0.000045
Epoch[2] Batch [2749]	Speed: 3.304242 samples/sec	accuracy=0.926545	lr=0.000045
Epoch[2] Batch [2799]	Speed: 3.306161 samples/sec	accuracy=0.926250	lr=0.000045
Epoch[2] Batch [2849]	Speed: 3.303481 samples/sec	accuracy=0.926491	lr=0.000045
Epoch[2] Batch [2899]	Speed: 3.304703 samples/sec	accuracy=0.926724	lr=0.000045
Epoch[2] Batch [2949]	Speed: 3.126218 samples/sec	accuracy=0.926441	lr=0.000045
Epoch[2] Batch [2999]	Speed: 3.297615 samples/sec	accuracy=0.925667	lr=0.000045
Epoch[2] Batch [3049]	Speed: 3.290372 samples/sec	accuracy=0.926066	lr=0.000045
Epoch[2] Batch [3099]	Speed: 3.294566 samples/sec	accuracy=0.925968	lr=0.000045
Epoch[2] Batch [3149]	Speed: 3.307315 samples/sec	accuracy=0.925635	lr=0.000045
Epoch[2] Batch [3199]	Speed: 3.314172 samples/sec	accuracy=0.925703	lr=0.000045
Epoch[2] Batch [3249]	Speed: 3.301906 samples/sec	accuracy=0.926000	lr=0.000045
Epoch[2] Batch [3299]	Speed: 3.303398 samples/sec	accuracy=0.925530	lr=0.000045
Epoch[2] Batch [3349]	Speed: 3.275785 samples/sec	accuracy=0.925299	lr=0.000045
Epoch[2] Batch [3399]	Speed: 3.323345 samples/sec	accuracy=0.925882	lr=0.000045
Epoch[2] Batch [3449]	Speed: 3.294262 samples/sec	accuracy=0.925870	lr=0.000045
Epoch[2] Batch [3499]	Speed: 3.285236 samples/sec	accuracy=0.925571	lr=0.000045
Epoch[2] Batch [3549]	Speed: 3.304384 samples/sec	accuracy=0.925634	lr=0.000045
Epoch[2] Batch [3599]	Speed: 3.308123 samples/sec	accuracy=0.925208	lr=0.000045
Epoch[2] Batch [3649]	Speed: 3.304027 samples/sec	accuracy=0.925548	lr=0.000045
Epoch[2] Batch [3699]	Speed: 3.306685 samples/sec	accuracy=0.925743	lr=0.000045
Epoch[2] Batch [3749]	Speed: 3.305065 samples/sec	accuracy=0.926200	lr=0.000045
Epoch[2] Batch [3799]	Speed: 3.312792 samples/sec	accuracy=0.926184	lr=0.000045
Epoch[2] Batch [3849]	Speed: 3.298134 samples/sec	accuracy=0.926429	lr=0.000045
Epoch[2] Batch [3899]	Speed: 3.308511 samples/sec	accuracy=0.926026	lr=0.000045
Epoch[2] Batch [3949]	Speed: 3.303085 samples/sec	accuracy=0.926266	lr=0.000045
Epoch[2] Batch [3999]	Speed: 3.301857 samples/sec	accuracy=0.926250	lr=0.000045
Epoch[2] Batch [4049]	Speed: 3.285504 samples/sec	accuracy=0.925679	lr=0.000045
Epoch[2] Batch [4099]	Speed: 3.311359 samples/sec	accuracy=0.925915	lr=0.000045
Epoch[2] Batch [4149]	Speed: 3.315316 samples/sec	accuracy=0.925663	lr=0.000045
Epoch[2] Batch [4199]	Speed: 3.275986 samples/sec	accuracy=0.925476	lr=0.000045
Epoch[2] Batch [4249]	Speed: 3.304360 samples/sec	accuracy=0.925176	lr=0.000045
Epoch[2] Batch [4299]	Speed: 3.300711 samples/sec	accuracy=0.925233	lr=0.000045
Epoch[2] Batch [4349]	Speed: 3.310378 samples/sec	accuracy=0.925345	lr=0.000045
Epoch[2] Batch [4399]	Speed: 3.304591 samples/sec	accuracy=0.925170	lr=0.000045
Epoch[2] Batch [4449]	Speed: 3.305283 samples/sec	accuracy=0.924775	lr=0.000045
Epoch[2] Batch [4499]	Speed: 3.312406 samples/sec	accuracy=0.924889	lr=0.000045
Epoch[2] Batch [4549]	Speed: 3.296929 samples/sec	accuracy=0.925165	lr=0.000045
Epoch[2] Batch [4599]	Speed: 3.311721 samples/sec	accuracy=0.925707	lr=0.000045
Epoch[2] Batch [4649]	Speed: 3.310003 samples/sec	accuracy=0.925806	lr=0.000045
Epoch[2] Batch [4699]	Speed: 3.293634 samples/sec	accuracy=0.925957	lr=0.000045
Epoch[2] Batch [4749]	Speed: 3.300774 samples/sec	accuracy=0.925895	lr=0.000045
Epoch[2] Batch [4799]	Speed: 2.295586 samples/sec	accuracy=0.925885	lr=0.000045
Epoch[2] Batch [4849]	Speed: 2.234622 samples/sec	accuracy=0.926031	lr=0.000045
Epoch[2] Batch [4899]	Speed: 3.311437 samples/sec	accuracy=0.926378	lr=0.000045
Epoch[2] Batch [4949]	Speed: 3.276435 samples/sec	accuracy=0.926364	lr=0.000045
Epoch[2] Batch [4999]	Speed: 3.306088 samples/sec	accuracy=0.926550	lr=0.000045
Epoch[2] Batch [5049]	Speed: 2.774021 samples/sec	accuracy=0.926386	lr=0.000045
Epoch[2] Batch [5099]	Speed: 3.316258 samples/sec	accuracy=0.926471	lr=0.000045
Epoch[2] Batch [5149]	Speed: 3.316347 samples/sec	accuracy=0.926505	lr=0.000045
Epoch[2] Batch [5199]	Speed: 3.302923 samples/sec	accuracy=0.926587	lr=0.000045
Epoch[2] Batch [5249]	Speed: 3.287646 samples/sec	accuracy=0.926810	lr=0.000045
Epoch[2] Batch [5299]	Speed: 3.295164 samples/sec	accuracy=0.926745	lr=0.000045
Epoch[2] Batch [5349]	Speed: 3.290968 samples/sec	accuracy=0.926916	lr=0.000045
Epoch[2] Batch [5399]	Speed: 3.299681 samples/sec	accuracy=0.926991	lr=0.000045
Epoch[2] Batch [5449]	Speed: 3.184844 samples/sec	accuracy=0.927018	lr=0.000045
Epoch[2] Batch [5499]	Speed: 3.313318 samples/sec	accuracy=0.926909	lr=0.000045
Epoch[2] Batch [5549]	Speed: 3.306328 samples/sec	accuracy=0.926982	lr=0.000045
Epoch[2] Batch [5599]	Speed: 3.322767 samples/sec	accuracy=0.926875	lr=0.000045
Epoch[2] Batch [5649]	Speed: 3.296576 samples/sec	accuracy=0.926991	lr=0.000045
Epoch[2] Batch [5699]	Speed: 3.312126 samples/sec	accuracy=0.926974	lr=0.000045
Epoch[2] Batch [5749]	Speed: 3.300902 samples/sec	accuracy=0.927174	lr=0.000045
Epoch[2] Batch [5799]	Speed: 3.322547 samples/sec	accuracy=0.927112	lr=0.000045
Epoch[2] Batch [5849]	Speed: 3.294140 samples/sec	accuracy=0.927308	lr=0.000045
Epoch[2] Batch [5899]	Speed: 3.317709 samples/sec	accuracy=0.927288	lr=0.000045
Epoch[2] Batch [5949]	Speed: 3.315970 samples/sec	accuracy=0.927395	lr=0.000045
Epoch[2] Batch [5999]	Speed: 3.318334 samples/sec	accuracy=0.927167	lr=0.000045
Epoch[2] Batch [6049]	Speed: 3.307758 samples/sec	accuracy=0.927107	lr=0.000045
Epoch[2] Batch [6099]	Speed: 3.318616 samples/sec	accuracy=0.926803	lr=0.000045
Epoch[2] Batch [6149]	Speed: 3.330674 samples/sec	accuracy=0.926626	lr=0.000045
Epoch[2] Batch [6199]	Speed: 3.300034 samples/sec	accuracy=0.926371	lr=0.000045
Epoch[2] Batch [6249]	Speed: 3.277367 samples/sec	accuracy=0.926440	lr=0.000045
Epoch[2] Batch [6299]	Speed: 3.318241 samples/sec	accuracy=0.926429	lr=0.000045
Epoch[2] Batch [6349]	Speed: 3.294092 samples/sec	accuracy=0.926654	lr=0.000045
Epoch[2] Batch [6399]	Speed: 3.293433 samples/sec	accuracy=0.926523	lr=0.000045
Epoch[2] Batch [6449]	Speed: 3.291091 samples/sec	accuracy=0.926550	lr=0.000045
Epoch[2] Batch [6499]	Speed: 3.301041 samples/sec	accuracy=0.926500	lr=0.000045
Epoch[2] Batch [6549]	Speed: 3.312965 samples/sec	accuracy=0.926374	lr=0.000045
Epoch[2] Batch [6599]	Speed: 3.288512 samples/sec	accuracy=0.926477	lr=0.000045
Epoch[2] Batch [6649]	Speed: 3.316218 samples/sec	accuracy=0.926654	lr=0.000045
[Epoch 2] training: accuracy=0.926565
[Epoch 2] speed: 3 samples/sec	time cost: 8160.557672
[Epoch 2] validation: top1=0.939016 top5=1.000000
[Epoch 2] Current best top-1: 0.939016 vs previous 0.931941, saved to /home/mzy/PycharmProjects/pythonProject/3213ff69/.trial_0/best_checkpoint.pkl
Epoch[3] Batch [49]	Speed: 3.308792 samples/sec	accuracy=0.950000	lr=0.000017
Epoch[3] Batch [99]	Speed: 3.314847 samples/sec	accuracy=0.945000	lr=0.000017
Epoch[3] Batch [149]	Speed: 3.327813 samples/sec	accuracy=0.943333	lr=0.000017
Epoch[3] Batch [199]	Speed: 3.304560 samples/sec	accuracy=0.941250	lr=0.000017
Epoch[3] Batch [249]	Speed: 3.291983 samples/sec	accuracy=0.936000	lr=0.000017
Epoch[3] Batch [299]	Speed: 3.314419 samples/sec	accuracy=0.935833	lr=0.000017
Epoch[3] Batch [349]	Speed: 3.313999 samples/sec	accuracy=0.937143	lr=0.000017
Epoch[3] Batch [399]	Speed: 3.315000 samples/sec	accuracy=0.936875	lr=0.000017
Epoch[3] Batch [449]	Speed: 3.322434 samples/sec	accuracy=0.935556	lr=0.000017
Epoch[3] Batch [499]	Speed: 3.327993 samples/sec	accuracy=0.937500	lr=0.000017
Epoch[3] Batch [549]	Speed: 3.303662 samples/sec	accuracy=0.939091	lr=0.000017
Epoch[3] Batch [599]	Speed: 3.335195 samples/sec	accuracy=0.935833	lr=0.000017
Epoch[3] Batch [649]	Speed: 3.320290 samples/sec	accuracy=0.935000	lr=0.000017
Epoch[3] Batch [699]	Speed: 3.334603 samples/sec	accuracy=0.931786	lr=0.000017
Epoch[3] Batch [749]	Speed: 3.277960 samples/sec	accuracy=0.932667	lr=0.000017
Epoch[3] Batch [799]	Speed: 3.327384 samples/sec	accuracy=0.932813	lr=0.000017
Epoch[3] Batch [849]	Speed: 3.301711 samples/sec	accuracy=0.934412	lr=0.000017
Epoch[3] Batch [899]	Speed: 3.321230 samples/sec	accuracy=0.936111	lr=0.000017
Epoch[3] Batch [949]	Speed: 3.294802 samples/sec	accuracy=0.936053	lr=0.000017
Epoch[3] Batch [999]	Speed: 3.303569 samples/sec	accuracy=0.935000	lr=0.000017
Epoch[3] Batch [1049]	Speed: 3.307262 samples/sec	accuracy=0.934762	lr=0.000017
Epoch[3] Batch [1099]	Speed: 3.325561 samples/sec	accuracy=0.935227	lr=0.000017
Epoch[3] Batch [1149]	Speed: 3.324509 samples/sec	accuracy=0.933478	lr=0.000017
Epoch[3] Batch [1199]	Speed: 3.327994 samples/sec	accuracy=0.933333	lr=0.000017
Epoch[3] Batch [1249]	Speed: 3.312270 samples/sec	accuracy=0.932800	lr=0.000017
Epoch[3] Batch [1299]	Speed: 3.328554 samples/sec	accuracy=0.932692	lr=0.000017
Epoch[3] Batch [1349]	Speed: 3.307638 samples/sec	accuracy=0.932778	lr=0.000017
Epoch[3] Batch [1399]	Speed: 3.309913 samples/sec	accuracy=0.931607	lr=0.000017
Epoch[3] Batch [1449]	Speed: 3.325429 samples/sec	accuracy=0.931724	lr=0.000017
Epoch[3] Batch [1499]	Speed: 3.317386 samples/sec	accuracy=0.930833	lr=0.000017
Epoch[3] Batch [1549]	Speed: 3.297978 samples/sec	accuracy=0.930645	lr=0.000017
Epoch[3] Batch [1599]	Speed: 3.322483 samples/sec	accuracy=0.930469	lr=0.000017
Epoch[3] Batch [1649]	Speed: 3.314044 samples/sec	accuracy=0.931515	lr=0.000017
Epoch[3] Batch [1699]	Speed: 3.334270 samples/sec	accuracy=0.931912	lr=0.000017
Epoch[3] Batch [1749]	Speed: 3.315649 samples/sec	accuracy=0.932571	lr=0.000017
Epoch[3] Batch [1799]	Speed: 3.321266 samples/sec	accuracy=0.932083	lr=0.000017
Epoch[3] Batch [1849]	Speed: 3.201708 samples/sec	accuracy=0.931757	lr=0.000017
Epoch[3] Batch [1899]	Speed: 2.712012 samples/sec	accuracy=0.931711	lr=0.000017
Epoch[3] Batch [1949]	Speed: 3.319846 samples/sec	accuracy=0.931923	lr=0.000017
Epoch[3] Batch [1999]	Speed: 3.310272 samples/sec	accuracy=0.932000	lr=0.000017
Epoch[3] Batch [2049]	Speed: 3.291893 samples/sec	accuracy=0.931463	lr=0.000017
Epoch[3] Batch [2099]	Speed: 3.325710 samples/sec	accuracy=0.931667	lr=0.000017
Epoch[3] Batch [2149]	Speed: 3.315216 samples/sec	accuracy=0.930814	lr=0.000017
Epoch[3] Batch [2199]	Speed: 3.325457 samples/sec	accuracy=0.930682	lr=0.000017
Epoch[3] Batch [2249]	Speed: 3.307114 samples/sec	accuracy=0.930444	lr=0.000017
Epoch[3] Batch [2299]	Speed: 3.306757 samples/sec	accuracy=0.930435	lr=0.000017
Epoch[3] Batch [2349]	Speed: 3.296698 samples/sec	accuracy=0.930213	lr=0.000017
Epoch[3] Batch [2399]	Speed: 3.304328 samples/sec	accuracy=0.930312	lr=0.000017
Epoch[3] Batch [2449]	Speed: 3.313908 samples/sec	accuracy=0.930816	lr=0.000017
Epoch[3] Batch [2499]	Speed: 3.316681 samples/sec	accuracy=0.930400	lr=0.000017
Epoch[3] Batch [2549]	Speed: 3.304928 samples/sec	accuracy=0.929804	lr=0.000017
Epoch[3] Batch [2599]	Speed: 3.316661 samples/sec	accuracy=0.929615	lr=0.000017
Epoch[3] Batch [2649]	Speed: 3.310897 samples/sec	accuracy=0.929434	lr=0.000017
Epoch[3] Batch [2699]	Speed: 3.295511 samples/sec	accuracy=0.929907	lr=0.000017
Epoch[3] Batch [2749]	Speed: 3.308524 samples/sec	accuracy=0.930364	lr=0.000017
Epoch[3] Batch [2799]	Speed: 3.297227 samples/sec	accuracy=0.930357	lr=0.000017
Epoch[3] Batch [2849]	Speed: 3.312958 samples/sec	accuracy=0.929737	lr=0.000017
Epoch[3] Batch [2899]	Speed: 3.322695 samples/sec	accuracy=0.930086	lr=0.000017
Epoch[3] Batch [2949]	Speed: 3.303377 samples/sec	accuracy=0.930000	lr=0.000017
Epoch[3] Batch [2999]	Speed: 3.307758 samples/sec	accuracy=0.930250	lr=0.000017
Epoch[3] Batch [3049]	Speed: 3.319958 samples/sec	accuracy=0.930328	lr=0.000017
Epoch[3] Batch [3099]	Speed: 3.306580 samples/sec	accuracy=0.930484	lr=0.000017
Epoch[3] Batch [3149]	Speed: 3.307393 samples/sec	accuracy=0.930952	lr=0.000017
Epoch[3] Batch [3199]	Speed: 3.302326 samples/sec	accuracy=0.930937	lr=0.000017
Epoch[3] Batch [3249]	Speed: 3.178279 samples/sec	accuracy=0.931077	lr=0.000017
Epoch[3] Batch [3299]	Speed: 3.320384 samples/sec	accuracy=0.930985	lr=0.000017
Epoch[3] Batch [3349]	Speed: 3.319221 samples/sec	accuracy=0.930373	lr=0.000017
Epoch[3] Batch [3399]	Speed: 3.316151 samples/sec	accuracy=0.930368	lr=0.000017
Epoch[3] Batch [3449]	Speed: 3.316870 samples/sec	accuracy=0.930072	lr=0.000017
Epoch[3] Batch [3499]	Speed: 3.316020 samples/sec	accuracy=0.930000	lr=0.000017
Epoch[3] Batch [3549]	Speed: 3.324789 samples/sec	accuracy=0.930352	lr=0.000017
Epoch[3] Batch [3599]	Speed: 3.311433 samples/sec	accuracy=0.930139	lr=0.000017
Epoch[3] Batch [3649]	Speed: 3.282967 samples/sec	accuracy=0.930274	lr=0.000017
Epoch[3] Batch [3699]	Speed: 3.284435 samples/sec	accuracy=0.930473	lr=0.000017
Epoch[3] Batch [3749]	Speed: 3.304013 samples/sec	accuracy=0.930267	lr=0.000017
Epoch[3] Batch [3799]	Speed: 3.197289 samples/sec	accuracy=0.930855	lr=0.000017
Epoch[3] Batch [3849]	Speed: 3.257826 samples/sec	accuracy=0.931104	lr=0.000017
Epoch[3] Batch [3899]	Speed: 3.301563 samples/sec	accuracy=0.931538	lr=0.000017
Epoch[3] Batch [3949]	Speed: 3.249702 samples/sec	accuracy=0.931709	lr=0.000017
Epoch[3] Batch [3999]	Speed: 3.295215 samples/sec	accuracy=0.932000	lr=0.000017
Epoch[3] Batch [4049]	Speed: 3.300928 samples/sec	accuracy=0.931790	lr=0.000017
Epoch[3] Batch [4099]	Speed: 3.305362 samples/sec	accuracy=0.932134	lr=0.000017
Epoch[3] Batch [4149]	Speed: 2.618744 samples/sec	accuracy=0.932229	lr=0.000017
Epoch[3] Batch [4199]	Speed: 3.149841 samples/sec	accuracy=0.932321	lr=0.000017
Epoch[3] Batch [4249]	Speed: 3.241540 samples/sec	accuracy=0.932176	lr=0.000017
Epoch[3] Batch [4299]	Speed: 3.306845 samples/sec	accuracy=0.932384	lr=0.000017
Epoch[3] Batch [4349]	Speed: 3.158874 samples/sec	accuracy=0.932471	lr=0.000017
Epoch[3] Batch [4399]	Speed: 3.245113 samples/sec	accuracy=0.932443	lr=0.000017
Epoch[3] Batch [4449]	Speed: 3.304774 samples/sec	accuracy=0.932303	lr=0.000017
Epoch[3] Batch [4499]	Speed: 3.292146 samples/sec	accuracy=0.932278	lr=0.000017
Epoch[3] Batch [4549]	Speed: 3.217799 samples/sec	accuracy=0.932253	lr=0.000017
Epoch[3] Batch [4599]	Speed: 3.294773 samples/sec	accuracy=0.932337	lr=0.000017
Epoch[3] Batch [4649]	Speed: 3.274035 samples/sec	accuracy=0.932151	lr=0.000017
Epoch[3] Batch [4699]	Speed: 3.269817 samples/sec	accuracy=0.932128	lr=0.000017
Epoch[3] Batch [4749]	Speed: 3.301060 samples/sec	accuracy=0.932211	lr=0.000017
Epoch[3] Batch [4799]	Speed: 3.249616 samples/sec	accuracy=0.931927	lr=0.000017
Epoch[3] Batch [4849]	Speed: 3.273705 samples/sec	accuracy=0.931701	lr=0.000017
Epoch[3] Batch [4899]	Speed: 3.310833 samples/sec	accuracy=0.931939	lr=0.000017
Epoch[3] Batch [4949]	Speed: 3.253802 samples/sec	accuracy=0.931970	lr=0.000017
Epoch[3] Batch [4999]	Speed: 3.286101 samples/sec	accuracy=0.931800	lr=0.000017
Epoch[3] Batch [5049]	Speed: 3.215414 samples/sec	accuracy=0.931931	lr=0.000017
Epoch[3] Batch [5099]	Speed: 3.246443 samples/sec	accuracy=0.931814	lr=0.000017
Epoch[3] Batch [5149]	Speed: 3.253201 samples/sec	accuracy=0.931893	lr=0.000017
Epoch[3] Batch [5199]	Speed: 3.285441 samples/sec	accuracy=0.931923	lr=0.000017
Epoch[3] Batch [5249]	Speed: 3.213511 samples/sec	accuracy=0.931619	lr=0.000017
Epoch[3] Batch [5299]	Speed: 3.279265 samples/sec	accuracy=0.931509	lr=0.000017
Epoch[3] Batch [5349]	Speed: 3.276769 samples/sec	accuracy=0.931495	lr=0.000017
Epoch[3] Batch [5399]	Speed: 3.309611 samples/sec	accuracy=0.931713	lr=0.000017
Epoch[3] Batch [5449]	Speed: 3.293814 samples/sec	accuracy=0.931743	lr=0.000017
Epoch[3] Batch [5499]	Speed: 3.326965 samples/sec	accuracy=0.932045	lr=0.000017
Epoch[3] Batch [5549]	Speed: 3.298723 samples/sec	accuracy=0.932342	lr=0.000017
Epoch[3] Batch [5599]	Speed: 3.306004 samples/sec	accuracy=0.932455	lr=0.000017
Epoch[3] Batch [5649]	Speed: 3.303827 samples/sec	accuracy=0.932522	lr=0.000017
Epoch[3] Batch [5699]	Speed: 3.306880 samples/sec	accuracy=0.932588	lr=0.000017
Epoch[3] Batch [5749]	Speed: 3.290793 samples/sec	accuracy=0.932478	lr=0.000017
Epoch[3] Batch [5799]	Speed: 3.297728 samples/sec	accuracy=0.932371	lr=0.000017
Epoch[3] Batch [5849]	Speed: 3.271474 samples/sec	accuracy=0.932350	lr=0.000017
Epoch[3] Batch [5899]	Speed: 3.310536 samples/sec	accuracy=0.932161	lr=0.000017
Epoch[3] Batch [5949]	Speed: 3.288628 samples/sec	accuracy=0.932227	lr=0.000017
Epoch[3] Batch [5999]	Speed: 3.307277 samples/sec	accuracy=0.932292	lr=0.000017
Epoch[3] Batch [6049]	Speed: 3.296588 samples/sec	accuracy=0.932438	lr=0.000017
Epoch[3] Batch [6099]	Speed: 3.300888 samples/sec	accuracy=0.932418	lr=0.000017
Epoch[3] Batch [6149]	Speed: 3.275020 samples/sec	accuracy=0.932642	lr=0.000017
Epoch[3] Batch [6199]	Speed: 3.285122 samples/sec	accuracy=0.932702	lr=0.000017
Epoch[3] Batch [6249]	Speed: 3.311988 samples/sec	accuracy=0.932720	lr=0.000017
Epoch[3] Batch [6299]	Speed: 3.270248 samples/sec	accuracy=0.932698	lr=0.000017
Epoch[3] Batch [6349]	Speed: 3.301135 samples/sec	accuracy=0.932795	lr=0.000017
Epoch[3] Batch [6399]	Speed: 3.282024 samples/sec	accuracy=0.932891	lr=0.000017
Epoch[3] Batch [6449]	Speed: 3.286370 samples/sec	accuracy=0.932829	lr=0.000017
Epoch[3] Batch [6499]	Speed: 3.302825 samples/sec	accuracy=0.932808	lr=0.000017
Epoch[3] Batch [6549]	Speed: 3.301258 samples/sec	accuracy=0.932748	lr=0.000017
Epoch[3] Batch [6599]	Speed: 3.312488 samples/sec	accuracy=0.932614	lr=0.000017
Epoch[3] Batch [6649]	Speed: 3.307080 samples/sec	accuracy=0.932782	lr=0.000017
[Epoch 3] training: accuracy=0.932744
[Epoch 3] speed: 3 samples/sec	time cost: 8133.006391
[Epoch 3] validation: top1=0.939016 top5=1.000000
Epoch[4] Batch [49]	Speed: 3.302756 samples/sec	accuracy=0.925000	lr=0.000017
Epoch[4] Batch [99]	Speed: 3.307333 samples/sec	accuracy=0.937500	lr=0.000017
Epoch[4] Batch [149]	Speed: 3.319424 samples/sec	accuracy=0.930000	lr=0.000017
Epoch[4] Batch [199]	Speed: 3.307066 samples/sec	accuracy=0.926250	lr=0.000017
Epoch[4] Batch [249]	Speed: 3.305455 samples/sec	accuracy=0.919000	lr=0.000017
Epoch[4] Batch [299]	Speed: 3.302842 samples/sec	accuracy=0.923333	lr=0.000017
Epoch[4] Batch [349]	Speed: 3.310419 samples/sec	accuracy=0.923571	lr=0.000017
Epoch[4] Batch [399]	Speed: 3.312402 samples/sec	accuracy=0.928125	lr=0.000017
Epoch[4] Batch [449]	Speed: 3.300607 samples/sec	accuracy=0.930556	lr=0.000017
Epoch[4] Batch [499]	Speed: 3.287613 samples/sec	accuracy=0.931000	lr=0.000017
Epoch[4] Batch [549]	Speed: 3.272667 samples/sec	accuracy=0.932727	lr=0.000017
Epoch[4] Batch [599]	Speed: 3.294990 samples/sec	accuracy=0.935000	lr=0.000017
Epoch[4] Batch [649]	Speed: 3.270414 samples/sec	accuracy=0.933846	lr=0.000017
Epoch[4] Batch [699]	Speed: 3.296238 samples/sec	accuracy=0.935357	lr=0.000017
Epoch[4] Batch [749]	Speed: 3.277202 samples/sec	accuracy=0.936667	lr=0.000017
Epoch[4] Batch [799]	Speed: 3.299440 samples/sec	accuracy=0.936250	lr=0.000017
Epoch[4] Batch [849]	Speed: 3.305334 samples/sec	accuracy=0.936471	lr=0.000017
Epoch[4] Batch [899]	Speed: 3.282860 samples/sec	accuracy=0.937222	lr=0.000017
Epoch[4] Batch [949]	Speed: 3.310910 samples/sec	accuracy=0.938158	lr=0.000017
Epoch[4] Batch [999]	Speed: 3.283133 samples/sec	accuracy=0.938500	lr=0.000017
Epoch[4] Batch [1049]	Speed: 3.260784 samples/sec	accuracy=0.938333	lr=0.000017
Epoch[4] Batch [1099]	Speed: 3.322563 samples/sec	accuracy=0.937045	lr=0.000017
Epoch[4] Batch [1149]	Speed: 3.304189 samples/sec	accuracy=0.936957	lr=0.000017
Epoch[4] Batch [1199]	Speed: 3.276332 samples/sec	accuracy=0.937292	lr=0.000017
Epoch[4] Batch [1249]	Speed: 3.288171 samples/sec	accuracy=0.937600	lr=0.000017
Epoch[4] Batch [1299]	Speed: 3.274400 samples/sec	accuracy=0.936923	lr=0.000017
Epoch[4] Batch [1349]	Speed: 3.279791 samples/sec	accuracy=0.935926	lr=0.000017
Epoch[4] Batch [1399]	Speed: 3.301578 samples/sec	accuracy=0.936964	lr=0.000017
Epoch[4] Batch [1449]	Speed: 3.298106 samples/sec	accuracy=0.937069	lr=0.000017
Epoch[4] Batch [1499]	Speed: 3.297397 samples/sec	accuracy=0.937333	lr=0.000017
Epoch[4] Batch [1549]	Speed: 3.317128 samples/sec	accuracy=0.937258	lr=0.000017
Epoch[4] Batch [1599]	Speed: 3.282133 samples/sec	accuracy=0.936875	lr=0.000017
Epoch[4] Batch [1649]	Speed: 3.293108 samples/sec	accuracy=0.937727	lr=0.000017
Epoch[4] Batch [1699]	Speed: 3.308981 samples/sec	accuracy=0.937500	lr=0.000017
Epoch[4] Batch [1749]	Speed: 3.325300 samples/sec	accuracy=0.937143	lr=0.000017
Epoch[4] Batch [1799]	Speed: 3.295693 samples/sec	accuracy=0.936806	lr=0.000017
Epoch[4] Batch [1849]	Speed: 3.319735 samples/sec	accuracy=0.936486	lr=0.000017
Epoch[4] Batch [1899]	Speed: 3.324101 samples/sec	accuracy=0.935921	lr=0.000017
Epoch[4] Batch [1949]	Speed: 2.946579 samples/sec	accuracy=0.934872	lr=0.000017
Epoch[4] Batch [1999]	Speed: 3.101253 samples/sec	accuracy=0.933750	lr=0.000017
Epoch[4] Batch [2049]	Speed: 3.117480 samples/sec	accuracy=0.933415	lr=0.000017
Epoch[4] Batch [2099]	Speed: 3.129975 samples/sec	accuracy=0.933214	lr=0.000017
Epoch[4] Batch [2149]	Speed: 3.116521 samples/sec	accuracy=0.932558	lr=0.000017
Epoch[4] Batch [2199]	Speed: 3.075304 samples/sec	accuracy=0.932955	lr=0.000017
Epoch[4] Batch [2249]	Speed: 3.142508 samples/sec	accuracy=0.932667	lr=0.000017
Epoch[4] Batch [2299]	Speed: 3.072920 samples/sec	accuracy=0.933043	lr=0.000017
Epoch[4] Batch [2349]	Speed: 3.124207 samples/sec	accuracy=0.933085	lr=0.000017
Epoch[4] Batch [2399]	Speed: 3.091838 samples/sec	accuracy=0.932813	lr=0.000017
Epoch[4] Batch [2449]	Speed: 3.040788 samples/sec	accuracy=0.933265	lr=0.000017
Epoch[4] Batch [2499]	Speed: 3.140324 samples/sec	accuracy=0.933900	lr=0.000017
Epoch[4] Batch [2549]	Speed: 3.140264 samples/sec	accuracy=0.933922	lr=0.000017
Epoch[4] Batch [2599]	Speed: 3.173576 samples/sec	accuracy=0.934038	lr=0.000017
Epoch[4] Batch [2649]	Speed: 3.282544 samples/sec	accuracy=0.933774	lr=0.000017
Epoch[4] Batch [2699]	Speed: 3.288337 samples/sec	accuracy=0.933519	lr=0.000017
Epoch[4] Batch [2749]	Speed: 3.256955 samples/sec	accuracy=0.933091	lr=0.000017
Epoch[4] Batch [2799]	Speed: 3.299562 samples/sec	accuracy=0.933036	lr=0.000017
Epoch[4] Batch [2849]	Speed: 3.283608 samples/sec	accuracy=0.933333	lr=0.000017
Epoch[4] Batch [2899]	Speed: 3.296973 samples/sec	accuracy=0.932845	lr=0.000017
Epoch[4] Batch [2949]	Speed: 3.307253 samples/sec	accuracy=0.932627	lr=0.000017
Epoch[4] Batch [2999]	Speed: 3.308575 samples/sec	accuracy=0.932833	lr=0.000017
Epoch[4] Batch [3049]	Speed: 3.299792 samples/sec	accuracy=0.932541	lr=0.000017
Epoch[4] Batch [3099]	Speed: 3.296155 samples/sec	accuracy=0.931774	lr=0.000017
Epoch[4] Batch [3149]	Speed: 3.286658 samples/sec	accuracy=0.931905	lr=0.000017
Epoch[4] Batch [3199]	Speed: 3.288832 samples/sec	accuracy=0.932109	lr=0.000017
Epoch[4] Batch [3249]	Speed: 3.310772 samples/sec	accuracy=0.932231	lr=0.000017
Epoch[4] Batch [3299]	Speed: 3.317876 samples/sec	accuracy=0.932348	lr=0.000017
Epoch[4] Batch [3349]	Speed: 3.290940 samples/sec	accuracy=0.932612	lr=0.000017
Epoch[4] Batch [3399]	Speed: 3.302985 samples/sec	accuracy=0.932574	lr=0.000017
Epoch[4] Batch [3449]	Speed: 3.305177 samples/sec	accuracy=0.932464	lr=0.000017
Epoch[4] Batch [3499]	Speed: 3.296451 samples/sec	accuracy=0.932571	lr=0.000017
Epoch[4] Batch [3549]	Speed: 3.298713 samples/sec	accuracy=0.932535	lr=0.000017
Epoch[4] Batch [3599]	Speed: 3.282987 samples/sec	accuracy=0.932569	lr=0.000017
Epoch[4] Batch [3649]	Speed: 3.311434 samples/sec	accuracy=0.932740	lr=0.000017
Epoch[4] Batch [3699]	Speed: 3.314165 samples/sec	accuracy=0.932432	lr=0.000017
Epoch[4] Batch [3749]	Speed: 3.317123 samples/sec	accuracy=0.932533	lr=0.000017
Epoch[4] Batch [3799]	Speed: 3.315351 samples/sec	accuracy=0.932697	lr=0.000017
Epoch[4] Batch [3849]	Speed: 3.316119 samples/sec	accuracy=0.932338	lr=0.000017
Epoch[4] Batch [3899]	Speed: 3.307145 samples/sec	accuracy=0.932436	lr=0.000017
Epoch[4] Batch [3949]	Speed: 3.295389 samples/sec	accuracy=0.932468	lr=0.000017
Epoch[4] Batch [3999]	Speed: 3.257436 samples/sec	accuracy=0.932500	lr=0.000017
Epoch[4] Batch [4049]	Speed: 3.309208 samples/sec	accuracy=0.932346	lr=0.000017
Epoch[4] Batch [4099]	Speed: 3.316509 samples/sec	accuracy=0.932195	lr=0.000017
Epoch[4] Batch [4149]	Speed: 3.301502 samples/sec	accuracy=0.931807	lr=0.000017
Epoch[4] Batch [4199]	Speed: 3.312997 samples/sec	accuracy=0.931964	lr=0.000017
